<?xml version="1.0" encoding="UTF-8"?>
<!-- Generated by org.testng.reporters.JUnitXMLReporter -->
<testsuite hostname="DESKTOP-B0A316T" ignored="72" name="Test" tests="37" failures="7" timestamp="01 Jul 2019 16:59:25 GMT" time="930.357" errors="0">
  <testcase name="@AfterTest shutDown" time="0.187" classname="com.mobiotics.HITSAdmin.constants.BaseTest">
    <failure type="org.openqa.selenium.WebDriverException" message="unknown error: Element &amp;lt;a href=&amp;quot;#&amp;quot; onclick=&amp;quot;adminlogout()&amp;quot;&amp;gt;...&amp;lt;/a&amp;gt; is not clickable at point (1293, 36). Other element would receive the click: &amp;lt;div class=&amp;quot;modal fade modal-error in&amp;quot; id=&amp;quot;info-modal&amp;quot; tabindex=&amp;quot;-1&amp;quot; role=&amp;quot;dialog&amp;quot; aria-labelledby=&amp;quot;myModalLabel&amp;quot; aria-hidden=&amp;quot;false&amp;quot; style=&amp;quot;display: block;&amp;quot;&amp;gt;...&amp;lt;/div&amp;gt;
  (Session info: chrome=75.0.3770.100)
  (Driver info: chromedriver=2.43.600210 (68dcf5eebde37173d4027fa8635e332711d2874a),platform=Windows NT 10.0.10240 x86_64) (WARNING: The server did not provide any stacktrace information)
Command duration or timeout: 141 milliseconds
Build info: version: &amp;apos;2.53.1&amp;apos;, revision: &amp;apos;a36b8b1cd5757287168e54b817830adce9b0158d&amp;apos;, time: &amp;apos;2016-06-30 19:26:09&amp;apos;
System info: host: &amp;apos;DESKTOP-B0A316T&amp;apos;, ip: &amp;apos;192.168.1.153&amp;apos;, os.name: &amp;apos;Windows 10&amp;apos;, os.arch: &amp;apos;amd64&amp;apos;, os.version: &amp;apos;10.0&amp;apos;, java.version: &amp;apos;1.8.0_201&amp;apos;
Driver info: org.openqa.selenium.chrome.ChromeDriver
Capabilities [{mobileEmulationEnabled=false, hasTouchScreen=false, platform=XP, acceptSslCerts=false, goog:chromeOptions={debuggerAddress=localhost:51405}, acceptInsecureCerts=false, webStorageEnabled=true, browserName=chrome, takesScreenshot=true, javascriptEnabled=true, setWindowRect=true, unexpectedAlertBehaviour=, applicationCacheEnabled=false, rotatable=false, networkConnectionEnabled=false, chrome={chromedriverVersion=2.43.600210 (68dcf5eebde37173d4027fa8635e332711d2874a), userDataDir=C:\Users\Sakshi\AppData\Local\Temp\scoped_dir10328_5157}, takesHeapSnapshot=true, pageLoadStrategy=normal, databaseEnabled=false, handlesAlerts=true, version=75.0.3770.100, browserConnectionEnabled=false, nativeEvents=true, locationContextEnabled=true, cssSelectorsEnabled=true}]
Session ID: a39642b816bb96c7d48db53daaf2e683">
      <![CDATA[org.openqa.selenium.WebDriverException: unknown error: Element <a href="#" onclick="adminlogout()">...</a> is not clickable at point (1293, 36). Other element would receive the click: <div class="modal fade modal-error in" id="info-modal" tabindex="-1" role="dialog" aria-labelledby="myModalLabel" aria-hidden="false" style="display: block;">...</div>
  (Session info: chrome=75.0.3770.100)
  (Driver info: chromedriver=2.43.600210 (68dcf5eebde37173d4027fa8635e332711d2874a),platform=Windows NT 10.0.10240 x86_64) (WARNING: The server did not provide any stacktrace information)
Command duration or timeout: 141 milliseconds
Build info: version: '2.53.1', revision: 'a36b8b1cd5757287168e54b817830adce9b0158d', time: '2016-06-30 19:26:09'
System info: host: 'DESKTOP-B0A316T', ip: '192.168.1.153', os.name: 'Windows 10', os.arch: 'amd64', os.version: '10.0', java.version: '1.8.0_201'
Driver info: org.openqa.selenium.chrome.ChromeDriver
Capabilities [{mobileEmulationEnabled=false, hasTouchScreen=false, platform=XP, acceptSslCerts=false, goog:chromeOptions={debuggerAddress=localhost:51405}, acceptInsecureCerts=false, webStorageEnabled=true, browserName=chrome, takesScreenshot=true, javascriptEnabled=true, setWindowRect=true, unexpectedAlertBehaviour=, applicationCacheEnabled=false, rotatable=false, networkConnectionEnabled=false, chrome={chromedriverVersion=2.43.600210 (68dcf5eebde37173d4027fa8635e332711d2874a), userDataDir=C:\Users\Sakshi\AppData\Local\Temp\scoped_dir10328_5157}, takesHeapSnapshot=true, pageLoadStrategy=normal, databaseEnabled=false, handlesAlerts=true, version=75.0.3770.100, browserConnectionEnabled=false, nativeEvents=true, locationContextEnabled=true, cssSelectorsEnabled=true}]
Session ID: a39642b816bb96c7d48db53daaf2e683
at org.openqa.selenium.remote.ErrorHandler.createThrowable(ErrorHandler.java:206)
at org.openqa.selenium.remote.ErrorHandler.throwIfResponseFailed(ErrorHandler.java:158)
at org.openqa.selenium.remote.RemoteWebDriver.execute(RemoteWebDriver.java:678)
at org.openqa.selenium.remote.RemoteWebElement.execute(RemoteWebElement.java:327)
at org.openqa.selenium.remote.RemoteWebElement.click(RemoteWebElement.java:85)
at com.mobiotics.HITSAdmin.constants.BaseTest.shutDown(BaseTest.java:113)
... Removed 28 stack frames]]>
    </failure>
  </testcase> <!-- @AfterTest shutDown -->
  <testcase name="testOperatorsLCOMethod" time="42.281" classname="com.mobiotics.HITSAdmin.tstCases.TC_OperatorsLCO_01"/>
  <testcase name="operatorsTestMethod" time="34.517" classname="com.mobiotics.HITSAdmin.tstCases.TC_OperatorsMSO_02"/>
  <testcase name="testOperatorsDPOMethod" time="36.647" classname="com.mobiotics.HITSAdmin.tstCases.TC_OperatorsDPO_03"/>
  <testcase name="testBulkAddBasePack" time="11.129" classname="com.mobiotics.HITSAdmin.tstCases.TC_Bulk_Activation_BasePack_04"/>
  <testcase name="testBulkActivationCreateSubscriber" time="8.143" classname="com.mobiotics.HITSAdmin.tstCases.TC_Bulk_Activation_CreateSubscriber_05"/>
  <testcase name="testBulkHardwareRetrackMethod" time="9.517" classname="com.mobiotics.HITSAdmin.tstCases.TC_Bulk_Hardware_Retrack_06"/>
  <testcase name="testBulkHardwareRconnectMethod" time="8.932" classname="com.mobiotics.HITSAdmin.tstCases.TC_Bulk_Hardware_Reconnect_07"/>
  <testcase name="testBulkHardwareDisconnectMethod" time="9.746" classname="com.mobiotics.HITSAdmin.tstCases.TC_Bulk_Hardware_Disconnect_08"/>
  <testcase name="testBulkHardwareCancelProductMethod" time="8.809" classname="com.mobiotics.HITSAdmin.tstCases.TC_Bulk_Hardware_CancelProduct_09"/>
  <testcase name="testBulkHardwareRepacementMethod" time="8.646" classname="com.mobiotics.HITSAdmin.tstCases.TC_Bulk_Hardware_HardwareReplacement_10"/>
  <testcase name="testBulkHardwareSendOSDMethod" time="10.83" classname="com.mobiotics.HITSAdmin.tstCases.TC_Bulk_Hardware_SendOSD_11"/>
  <testcase name="testBulkProductAssignMethod" time="9.484" classname="com.mobiotics.HITSAdmin.tstCases.TC_Bulk_Product_Assign_12"/>
  <testcase name="bulkProductRemovetestMethod" time="8.196" classname="com.mobiotics.HITSAdmin.tstCases.TC_Bulk_Product_Remove_13"/>
  <testcase name="bulkCustomerChangeTypeAndClassMethod" time="15.019" classname="com.mobiotics.HITSAdmin.tstCases.TC_Bulk_Customer_ChangeTypeAndClass_14"/>
  <testcase name="bulkFinancePayBillsTestMethod" time="9.437" classname="com.mobiotics.HITSAdmin.tstCases.TC_Bulk_Finance_PayBills_15"/>
  <testcase name="bulkFinanceFinancialAccountsTestMethod" time="10.641" classname="com.mobiotics.HITSAdmin.tstCases.TC_Bulk_Finance_FinancialAccounts_16"/>
  <testcase name="bulkAdjustmentCreditMethod" time="9.318" classname="com.mobiotics.HITSAdmin.tstCases.TC_Bulk_Adjustment_Credit_17"/>
  <testcase name="bulkAdjustmentDebitMethod" time="8.411" classname="com.mobiotics.HITSAdmin.tstCases.TC_Bullk_Adjustment_Debit_18"/>
  <testcase name="reportCoreListCustomerTestMethod" time="43.039" classname="com.mobiotics.HITSAdmin.tstCases.TC_Report_Core_ListCustomer_19"/>
  <testcase name="reportCoreListDevicesTestMethod" time="40.318" classname="com.mobiotics.HITSAdmin.tstCases.TC_Report_Core_ListDevices_20"/>
  <testcase name="reportCoreListConnectionsTestMethod" time="16.598" classname="com.mobiotics.HITSAdmin.tstCases.TC_Report_Core_ListConnections_21"/>
  <testcase name="reportCoreActivationsTestMethod" time="46.345" classname="com.mobiotics.HITSAdmin.tstCases.TC_Report_Core_ListActivations_22"/>
  <testcase name="reportCoreListSuspensionTestMethod" time="28.643" classname="com.mobiotics.HITSAdmin.tstCases.TC_Report_Core_ListSuspension_23"/>
  <testcase name="reportCoreProductAssignmentTestMethod" time="31.145" classname="com.mobiotics.HITSAdmin.tstCases.TC_Report_Core_Product_Assignment_24"/>
  <testcase name="reportCoreJobReportTestMethod" time="38.272" classname="com.mobiotics.HITSAdmin.tstCases.TC_Report_Core_JobReport_24"/>
  <testcase name="reportFinanceListPaymentsTestMethod" time="67.073" classname="com.mobiotics.HITSAdmin.tstCases.TC_Report_Finance_ListPayments_25"/>
  <testcase name="reportFinancePayForBoxTestMethod" time="48.296" classname="com.mobiotics.HITSAdmin.tstCases.TC_Report_Finance_PayForBox_26"/>
  <testcase name="reportFinanceGSTReportTestMethod" time="39.242" classname="com.mobiotics.HITSAdmin.tstCases.TC_Report_Finance_GSTReport_27"/>
  <testcase name="reportFinancePayBillsTestMethod" time="31.811" classname="com.mobiotics.HITSAdmin.tstCases.TC_Report_Finance_PayBills_28"/>
  <testcase name="reportRefundReportTestMethod" time="139.051" classname="com.mobiotics.HITSAdmin.tstCases.TC_Report_RefundReport_29"/>
  <testcase name="testListMessageMethod" time="76.552" classname="com.mobiotics.HITSAdmin.tstCases.TC_MessageListMessage_30">
    <failure type="org.openqa.selenium.WebDriverException" message="unknown error: Element &amp;lt;button type=&amp;quot;button&amp;quot; class=&amp;quot;btn btn-default&amp;quot; data-dismiss=&amp;quot;modal&amp;quot;&amp;gt;...&amp;lt;/button&amp;gt; is not clickable at point (860, 446). Other element would receive the click: &amp;lt;div class=&amp;quot;modal fade modal-error in&amp;quot; id=&amp;quot;info-modal&amp;quot; tabindex=&amp;quot;-1&amp;quot; role=&amp;quot;dialog&amp;quot; aria-labelledby=&amp;quot;myModalLabel&amp;quot; aria-hidden=&amp;quot;false&amp;quot; style=&amp;quot;display: block;&amp;quot;&amp;gt;...&amp;lt;/div&amp;gt;
  (Session info: chrome=75.0.3770.100)
  (Driver info: chromedriver=2.43.600210 (68dcf5eebde37173d4027fa8635e332711d2874a),platform=Windows NT 10.0.10240 x86_64) (WARNING: The server did not provide any stacktrace information)
Command duration or timeout: 141 milliseconds
Build info: version: &amp;apos;2.53.1&amp;apos;, revision: &amp;apos;a36b8b1cd5757287168e54b817830adce9b0158d&amp;apos;, time: &amp;apos;2016-06-30 19:26:09&amp;apos;
System info: host: &amp;apos;DESKTOP-B0A316T&amp;apos;, ip: &amp;apos;192.168.1.153&amp;apos;, os.name: &amp;apos;Windows 10&amp;apos;, os.arch: &amp;apos;amd64&amp;apos;, os.version: &amp;apos;10.0&amp;apos;, java.version: &amp;apos;1.8.0_201&amp;apos;
Driver info: org.openqa.selenium.chrome.ChromeDriver
Capabilities [{mobileEmulationEnabled=false, hasTouchScreen=false, platform=XP, acceptSslCerts=false, goog:chromeOptions={debuggerAddress=localhost:51405}, acceptInsecureCerts=false, webStorageEnabled=true, browserName=chrome, takesScreenshot=true, javascriptEnabled=true, setWindowRect=true, unexpectedAlertBehaviour=, applicationCacheEnabled=false, rotatable=false, networkConnectionEnabled=false, chrome={chromedriverVersion=2.43.600210 (68dcf5eebde37173d4027fa8635e332711d2874a), userDataDir=C:\Users\Sakshi\AppData\Local\Temp\scoped_dir10328_5157}, takesHeapSnapshot=true, pageLoadStrategy=normal, databaseEnabled=false, handlesAlerts=true, version=75.0.3770.100, browserConnectionEnabled=false, nativeEvents=true, locationContextEnabled=true, cssSelectorsEnabled=true}]
Session ID: a39642b816bb96c7d48db53daaf2e683">
      <![CDATA[org.openqa.selenium.WebDriverException: unknown error: Element <button type="button" class="btn btn-default" data-dismiss="modal">...</button> is not clickable at point (860, 446). Other element would receive the click: <div class="modal fade modal-error in" id="info-modal" tabindex="-1" role="dialog" aria-labelledby="myModalLabel" aria-hidden="false" style="display: block;">...</div>
  (Session info: chrome=75.0.3770.100)
  (Driver info: chromedriver=2.43.600210 (68dcf5eebde37173d4027fa8635e332711d2874a),platform=Windows NT 10.0.10240 x86_64) (WARNING: The server did not provide any stacktrace information)
Command duration or timeout: 141 milliseconds
Build info: version: '2.53.1', revision: 'a36b8b1cd5757287168e54b817830adce9b0158d', time: '2016-06-30 19:26:09'
System info: host: 'DESKTOP-B0A316T', ip: '192.168.1.153', os.name: 'Windows 10', os.arch: 'amd64', os.version: '10.0', java.version: '1.8.0_201'
Driver info: org.openqa.selenium.chrome.ChromeDriver
Capabilities [{mobileEmulationEnabled=false, hasTouchScreen=false, platform=XP, acceptSslCerts=false, goog:chromeOptions={debuggerAddress=localhost:51405}, acceptInsecureCerts=false, webStorageEnabled=true, browserName=chrome, takesScreenshot=true, javascriptEnabled=true, setWindowRect=true, unexpectedAlertBehaviour=, applicationCacheEnabled=false, rotatable=false, networkConnectionEnabled=false, chrome={chromedriverVersion=2.43.600210 (68dcf5eebde37173d4027fa8635e332711d2874a), userDataDir=C:\Users\Sakshi\AppData\Local\Temp\scoped_dir10328_5157}, takesHeapSnapshot=true, pageLoadStrategy=normal, databaseEnabled=false, handlesAlerts=true, version=75.0.3770.100, browserConnectionEnabled=false, nativeEvents=true, locationContextEnabled=true, cssSelectorsEnabled=true}]
Session ID: a39642b816bb96c7d48db53daaf2e683
at org.openqa.selenium.remote.ErrorHandler.createThrowable(ErrorHandler.java:206)
at org.openqa.selenium.remote.ErrorHandler.throwIfResponseFailed(ErrorHandler.java:158)
at org.openqa.selenium.remote.RemoteWebDriver.execute(RemoteWebDriver.java:678)
at org.openqa.selenium.remote.RemoteWebElement.execute(RemoteWebElement.java:327)
at org.openqa.selenium.remote.RemoteWebElement.click(RemoteWebElement.java:85)
at org.openqa.selenium.support.pagefactory.internal.LocatingElementHandler.invoke(LocatingElementHandler.java:51)
at com.sun.proxy.$Proxy7.click(Unknown Source)
at com.mobiotics.HITSAdmin.MessageListMessage.MessageListMessagesPage.createAlertMsg(MessageListMessagesPage.java:125)
at com.mobiotics.HITSAdmin.MessageListMessage.MessageListMessagesPage.testListMessage(MessageListMessagesPage.java:196)
at com.mobiotics.HITSAdmin.tstCases.TC_MessageListMessage_30.testListMessageMethod(TC_MessageListMessage_30.java:16)
... Removed 32 stack frames]]>
    </failure>
  </testcase> <!-- testListMessageMethod -->
  <testcase name="testAddScrollMethod" time="0.313" classname="com.mobiotics.HITSAdmin.tstCases.TC_MessageAddScroll_31">
    <failure type="org.openqa.selenium.WebDriverException" message="unknown error: Element &amp;lt;a class=&amp;quot;dropdown-toggle&amp;quot; data-toggle=&amp;quot;dropdown&amp;quot; role=&amp;quot;button&amp;quot; href=&amp;quot;&amp;quot;&amp;gt;...&amp;lt;/a&amp;gt; is not clickable at point (806, 36). Other element would receive the click: &amp;lt;div class=&amp;quot;modal-header&amp;quot;&amp;gt;...&amp;lt;/div&amp;gt;
  (Session info: chrome=75.0.3770.100)
  (Driver info: chromedriver=2.43.600210 (68dcf5eebde37173d4027fa8635e332711d2874a),platform=Windows NT 10.0.10240 x86_64) (WARNING: The server did not provide any stacktrace information)
Command duration or timeout: 125 milliseconds
Build info: version: &amp;apos;2.53.1&amp;apos;, revision: &amp;apos;a36b8b1cd5757287168e54b817830adce9b0158d&amp;apos;, time: &amp;apos;2016-06-30 19:26:09&amp;apos;
System info: host: &amp;apos;DESKTOP-B0A316T&amp;apos;, ip: &amp;apos;192.168.1.153&amp;apos;, os.name: &amp;apos;Windows 10&amp;apos;, os.arch: &amp;apos;amd64&amp;apos;, os.version: &amp;apos;10.0&amp;apos;, java.version: &amp;apos;1.8.0_201&amp;apos;
Driver info: org.openqa.selenium.chrome.ChromeDriver
Capabilities [{mobileEmulationEnabled=false, hasTouchScreen=false, platform=XP, acceptSslCerts=false, goog:chromeOptions={debuggerAddress=localhost:51405}, acceptInsecureCerts=false, webStorageEnabled=true, browserName=chrome, takesScreenshot=true, javascriptEnabled=true, setWindowRect=true, unexpectedAlertBehaviour=, applicationCacheEnabled=false, rotatable=false, networkConnectionEnabled=false, chrome={chromedriverVersion=2.43.600210 (68dcf5eebde37173d4027fa8635e332711d2874a), userDataDir=C:\Users\Sakshi\AppData\Local\Temp\scoped_dir10328_5157}, takesHeapSnapshot=true, pageLoadStrategy=normal, databaseEnabled=false, handlesAlerts=true, version=75.0.3770.100, browserConnectionEnabled=false, nativeEvents=true, locationContextEnabled=true, cssSelectorsEnabled=true}]
Session ID: a39642b816bb96c7d48db53daaf2e683">
      <![CDATA[org.openqa.selenium.WebDriverException: unknown error: Element <a class="dropdown-toggle" data-toggle="dropdown" role="button" href="">...</a> is not clickable at point (806, 36). Other element would receive the click: <div class="modal-header">...</div>
  (Session info: chrome=75.0.3770.100)
  (Driver info: chromedriver=2.43.600210 (68dcf5eebde37173d4027fa8635e332711d2874a),platform=Windows NT 10.0.10240 x86_64) (WARNING: The server did not provide any stacktrace information)
Command duration or timeout: 125 milliseconds
Build info: version: '2.53.1', revision: 'a36b8b1cd5757287168e54b817830adce9b0158d', time: '2016-06-30 19:26:09'
System info: host: 'DESKTOP-B0A316T', ip: '192.168.1.153', os.name: 'Windows 10', os.arch: 'amd64', os.version: '10.0', java.version: '1.8.0_201'
Driver info: org.openqa.selenium.chrome.ChromeDriver
Capabilities [{mobileEmulationEnabled=false, hasTouchScreen=false, platform=XP, acceptSslCerts=false, goog:chromeOptions={debuggerAddress=localhost:51405}, acceptInsecureCerts=false, webStorageEnabled=true, browserName=chrome, takesScreenshot=true, javascriptEnabled=true, setWindowRect=true, unexpectedAlertBehaviour=, applicationCacheEnabled=false, rotatable=false, networkConnectionEnabled=false, chrome={chromedriverVersion=2.43.600210 (68dcf5eebde37173d4027fa8635e332711d2874a), userDataDir=C:\Users\Sakshi\AppData\Local\Temp\scoped_dir10328_5157}, takesHeapSnapshot=true, pageLoadStrategy=normal, databaseEnabled=false, handlesAlerts=true, version=75.0.3770.100, browserConnectionEnabled=false, nativeEvents=true, locationContextEnabled=true, cssSelectorsEnabled=true}]
Session ID: a39642b816bb96c7d48db53daaf2e683
at org.openqa.selenium.remote.ErrorHandler.createThrowable(ErrorHandler.java:206)
at org.openqa.selenium.remote.ErrorHandler.throwIfResponseFailed(ErrorHandler.java:158)
at org.openqa.selenium.remote.RemoteWebDriver.execute(RemoteWebDriver.java:678)
at org.openqa.selenium.remote.RemoteWebElement.execute(RemoteWebElement.java:327)
at org.openqa.selenium.remote.RemoteWebElement.click(RemoteWebElement.java:85)
at org.openqa.selenium.support.pagefactory.internal.LocatingElementHandler.invoke(LocatingElementHandler.java:51)
at com.sun.proxy.$Proxy7.click(Unknown Source)
at com.mobiotics.HITSAdmin.commonpages.HomePage.navigateToAddScroll(HomePage.java:114)
at com.mobiotics.HITSAdmin.tstCases.TC_MessageAddScroll_31.testAddScrollMethod(TC_MessageAddScroll_31.java:14)
... Removed 32 stack frames]]>
    </failure>
  </testcase> <!-- testAddScrollMethod -->
  <testcase name="testSetDueDateMethod" time="0.479" classname="com.mobiotics.HITSAdmin.tstCases.TC_SetDueDate_31">
    <failure type="org.openqa.selenium.WebDriverException" message="unknown error: Element &amp;lt;a class=&amp;quot;dropdown-toggle&amp;quot; data-toggle=&amp;quot;dropdown&amp;quot; role=&amp;quot;button&amp;quot; href=&amp;quot;&amp;quot;&amp;gt;...&amp;lt;/a&amp;gt; is not clickable at point (906, 36). Other element would receive the click: &amp;lt;div class=&amp;quot;modal-header&amp;quot;&amp;gt;...&amp;lt;/div&amp;gt;
  (Session info: chrome=75.0.3770.100)
  (Driver info: chromedriver=2.43.600210 (68dcf5eebde37173d4027fa8635e332711d2874a),platform=Windows NT 10.0.10240 x86_64) (WARNING: The server did not provide any stacktrace information)
Command duration or timeout: 276 milliseconds
Build info: version: &amp;apos;2.53.1&amp;apos;, revision: &amp;apos;a36b8b1cd5757287168e54b817830adce9b0158d&amp;apos;, time: &amp;apos;2016-06-30 19:26:09&amp;apos;
System info: host: &amp;apos;DESKTOP-B0A316T&amp;apos;, ip: &amp;apos;192.168.1.153&amp;apos;, os.name: &amp;apos;Windows 10&amp;apos;, os.arch: &amp;apos;amd64&amp;apos;, os.version: &amp;apos;10.0&amp;apos;, java.version: &amp;apos;1.8.0_201&amp;apos;
Driver info: org.openqa.selenium.chrome.ChromeDriver
Capabilities [{mobileEmulationEnabled=false, hasTouchScreen=false, platform=XP, acceptSslCerts=false, goog:chromeOptions={debuggerAddress=localhost:51405}, acceptInsecureCerts=false, webStorageEnabled=true, browserName=chrome, takesScreenshot=true, javascriptEnabled=true, setWindowRect=true, unexpectedAlertBehaviour=, applicationCacheEnabled=false, rotatable=false, networkConnectionEnabled=false, chrome={chromedriverVersion=2.43.600210 (68dcf5eebde37173d4027fa8635e332711d2874a), userDataDir=C:\Users\Sakshi\AppData\Local\Temp\scoped_dir10328_5157}, takesHeapSnapshot=true, pageLoadStrategy=normal, databaseEnabled=false, handlesAlerts=true, version=75.0.3770.100, browserConnectionEnabled=false, nativeEvents=true, locationContextEnabled=true, cssSelectorsEnabled=true}]
Session ID: a39642b816bb96c7d48db53daaf2e683">
      <![CDATA[org.openqa.selenium.WebDriverException: unknown error: Element <a class="dropdown-toggle" data-toggle="dropdown" role="button" href="">...</a> is not clickable at point (906, 36). Other element would receive the click: <div class="modal-header">...</div>
  (Session info: chrome=75.0.3770.100)
  (Driver info: chromedriver=2.43.600210 (68dcf5eebde37173d4027fa8635e332711d2874a),platform=Windows NT 10.0.10240 x86_64) (WARNING: The server did not provide any stacktrace information)
Command duration or timeout: 276 milliseconds
Build info: version: '2.53.1', revision: 'a36b8b1cd5757287168e54b817830adce9b0158d', time: '2016-06-30 19:26:09'
System info: host: 'DESKTOP-B0A316T', ip: '192.168.1.153', os.name: 'Windows 10', os.arch: 'amd64', os.version: '10.0', java.version: '1.8.0_201'
Driver info: org.openqa.selenium.chrome.ChromeDriver
Capabilities [{mobileEmulationEnabled=false, hasTouchScreen=false, platform=XP, acceptSslCerts=false, goog:chromeOptions={debuggerAddress=localhost:51405}, acceptInsecureCerts=false, webStorageEnabled=true, browserName=chrome, takesScreenshot=true, javascriptEnabled=true, setWindowRect=true, unexpectedAlertBehaviour=, applicationCacheEnabled=false, rotatable=false, networkConnectionEnabled=false, chrome={chromedriverVersion=2.43.600210 (68dcf5eebde37173d4027fa8635e332711d2874a), userDataDir=C:\Users\Sakshi\AppData\Local\Temp\scoped_dir10328_5157}, takesHeapSnapshot=true, pageLoadStrategy=normal, databaseEnabled=false, handlesAlerts=true, version=75.0.3770.100, browserConnectionEnabled=false, nativeEvents=true, locationContextEnabled=true, cssSelectorsEnabled=true}]
Session ID: a39642b816bb96c7d48db53daaf2e683
at org.openqa.selenium.remote.ErrorHandler.createThrowable(ErrorHandler.java:206)
at org.openqa.selenium.remote.ErrorHandler.throwIfResponseFailed(ErrorHandler.java:158)
at org.openqa.selenium.remote.RemoteWebDriver.execute(RemoteWebDriver.java:678)
at org.openqa.selenium.remote.RemoteWebElement.execute(RemoteWebElement.java:327)
at org.openqa.selenium.remote.RemoteWebElement.click(RemoteWebElement.java:85)
at org.openqa.selenium.support.pagefactory.internal.LocatingElementHandler.invoke(LocatingElementHandler.java:51)
at com.sun.proxy.$Proxy7.click(Unknown Source)
at com.mobiotics.HITSAdmin.commonpages.HomePage.navigateToSetDueDatePage(HomePage.java:123)
at com.mobiotics.HITSAdmin.tstCases.TC_SetDueDate_31.testSetDueDateMethod(TC_SetDueDate_31.java:14)
... Removed 32 stack frames]]>
    </failure>
  </testcase> <!-- testSetDueDateMethod -->
  <testcase name="testAddSubuserMethod" time="0.329" classname="com.mobiotics.HITSAdmin.tstCases.TC_SubuserAddSubuser_32">
    <failure type="org.openqa.selenium.WebDriverException" message="unknown error: Element &amp;lt;a class=&amp;quot;dropdown-toggle&amp;quot; data-toggle=&amp;quot;dropdown&amp;quot; role=&amp;quot;button&amp;quot; href=&amp;quot;&amp;quot;&amp;gt;...&amp;lt;/a&amp;gt; is not clickable at point (1003, 36). Other element would receive the click: &amp;lt;div class=&amp;quot;modal fade modal-error in&amp;quot; id=&amp;quot;info-modal&amp;quot; tabindex=&amp;quot;-1&amp;quot; role=&amp;quot;dialog&amp;quot; aria-labelledby=&amp;quot;myModalLabel&amp;quot; aria-hidden=&amp;quot;false&amp;quot; style=&amp;quot;display: block;&amp;quot;&amp;gt;...&amp;lt;/div&amp;gt;
  (Session info: chrome=75.0.3770.100)
  (Driver info: chromedriver=2.43.600210 (68dcf5eebde37173d4027fa8635e332711d2874a),platform=Windows NT 10.0.10240 x86_64) (WARNING: The server did not provide any stacktrace information)
Command duration or timeout: 125 milliseconds
Build info: version: &amp;apos;2.53.1&amp;apos;, revision: &amp;apos;a36b8b1cd5757287168e54b817830adce9b0158d&amp;apos;, time: &amp;apos;2016-06-30 19:26:09&amp;apos;
System info: host: &amp;apos;DESKTOP-B0A316T&amp;apos;, ip: &amp;apos;192.168.1.153&amp;apos;, os.name: &amp;apos;Windows 10&amp;apos;, os.arch: &amp;apos;amd64&amp;apos;, os.version: &amp;apos;10.0&amp;apos;, java.version: &amp;apos;1.8.0_201&amp;apos;
Driver info: org.openqa.selenium.chrome.ChromeDriver
Capabilities [{mobileEmulationEnabled=false, hasTouchScreen=false, platform=XP, acceptSslCerts=false, goog:chromeOptions={debuggerAddress=localhost:51405}, acceptInsecureCerts=false, webStorageEnabled=true, browserName=chrome, takesScreenshot=true, javascriptEnabled=true, setWindowRect=true, unexpectedAlertBehaviour=, applicationCacheEnabled=false, rotatable=false, networkConnectionEnabled=false, chrome={chromedriverVersion=2.43.600210 (68dcf5eebde37173d4027fa8635e332711d2874a), userDataDir=C:\Users\Sakshi\AppData\Local\Temp\scoped_dir10328_5157}, takesHeapSnapshot=true, pageLoadStrategy=normal, databaseEnabled=false, handlesAlerts=true, version=75.0.3770.100, browserConnectionEnabled=false, nativeEvents=true, locationContextEnabled=true, cssSelectorsEnabled=true}]
Session ID: a39642b816bb96c7d48db53daaf2e683">
      <![CDATA[org.openqa.selenium.WebDriverException: unknown error: Element <a class="dropdown-toggle" data-toggle="dropdown" role="button" href="">...</a> is not clickable at point (1003, 36). Other element would receive the click: <div class="modal fade modal-error in" id="info-modal" tabindex="-1" role="dialog" aria-labelledby="myModalLabel" aria-hidden="false" style="display: block;">...</div>
  (Session info: chrome=75.0.3770.100)
  (Driver info: chromedriver=2.43.600210 (68dcf5eebde37173d4027fa8635e332711d2874a),platform=Windows NT 10.0.10240 x86_64) (WARNING: The server did not provide any stacktrace information)
Command duration or timeout: 125 milliseconds
Build info: version: '2.53.1', revision: 'a36b8b1cd5757287168e54b817830adce9b0158d', time: '2016-06-30 19:26:09'
System info: host: 'DESKTOP-B0A316T', ip: '192.168.1.153', os.name: 'Windows 10', os.arch: 'amd64', os.version: '10.0', java.version: '1.8.0_201'
Driver info: org.openqa.selenium.chrome.ChromeDriver
Capabilities [{mobileEmulationEnabled=false, hasTouchScreen=false, platform=XP, acceptSslCerts=false, goog:chromeOptions={debuggerAddress=localhost:51405}, acceptInsecureCerts=false, webStorageEnabled=true, browserName=chrome, takesScreenshot=true, javascriptEnabled=true, setWindowRect=true, unexpectedAlertBehaviour=, applicationCacheEnabled=false, rotatable=false, networkConnectionEnabled=false, chrome={chromedriverVersion=2.43.600210 (68dcf5eebde37173d4027fa8635e332711d2874a), userDataDir=C:\Users\Sakshi\AppData\Local\Temp\scoped_dir10328_5157}, takesHeapSnapshot=true, pageLoadStrategy=normal, databaseEnabled=false, handlesAlerts=true, version=75.0.3770.100, browserConnectionEnabled=false, nativeEvents=true, locationContextEnabled=true, cssSelectorsEnabled=true}]
Session ID: a39642b816bb96c7d48db53daaf2e683
at org.openqa.selenium.remote.ErrorHandler.createThrowable(ErrorHandler.java:206)
at org.openqa.selenium.remote.ErrorHandler.throwIfResponseFailed(ErrorHandler.java:158)
at org.openqa.selenium.remote.RemoteWebDriver.execute(RemoteWebDriver.java:678)
at org.openqa.selenium.remote.RemoteWebElement.execute(RemoteWebElement.java:327)
at org.openqa.selenium.remote.RemoteWebElement.click(RemoteWebElement.java:85)
at org.openqa.selenium.support.pagefactory.internal.LocatingElementHandler.invoke(LocatingElementHandler.java:51)
at com.sun.proxy.$Proxy7.click(Unknown Source)
at com.mobiotics.HITSAdmin.commonpages.HomePage.navigateToAddSubuserPage(HomePage.java:132)
at com.mobiotics.HITSAdmin.tstCases.TC_SubuserAddSubuser_32.testAddSubuserMethod(TC_SubuserAddSubuser_32.java:14)
... Removed 32 stack frames]]>
    </failure>
  </testcase> <!-- testAddSubuserMethod -->
  <testcase name="testModifySubuserTest" time="0.216" classname="com.mobiotics.HITSAdmin.tstCases.TC_SubuserModifySubuser_33">
    <failure type="org.openqa.selenium.WebDriverException" message="unknown error: Element &amp;lt;a class=&amp;quot;dropdown-toggle&amp;quot; data-toggle=&amp;quot;dropdown&amp;quot; role=&amp;quot;button&amp;quot; href=&amp;quot;&amp;quot;&amp;gt;...&amp;lt;/a&amp;gt; is not clickable at point (1003, 36). Other element would receive the click: &amp;lt;div class=&amp;quot;modal fade modal-error in&amp;quot; id=&amp;quot;info-modal&amp;quot; tabindex=&amp;quot;-1&amp;quot; role=&amp;quot;dialog&amp;quot; aria-labelledby=&amp;quot;myModalLabel&amp;quot; aria-hidden=&amp;quot;false&amp;quot; style=&amp;quot;display: block;&amp;quot;&amp;gt;...&amp;lt;/div&amp;gt;
  (Session info: chrome=75.0.3770.100)
  (Driver info: chromedriver=2.43.600210 (68dcf5eebde37173d4027fa8635e332711d2874a),platform=Windows NT 10.0.10240 x86_64) (WARNING: The server did not provide any stacktrace information)
Command duration or timeout: 78 milliseconds
Build info: version: &amp;apos;2.53.1&amp;apos;, revision: &amp;apos;a36b8b1cd5757287168e54b817830adce9b0158d&amp;apos;, time: &amp;apos;2016-06-30 19:26:09&amp;apos;
System info: host: &amp;apos;DESKTOP-B0A316T&amp;apos;, ip: &amp;apos;192.168.1.153&amp;apos;, os.name: &amp;apos;Windows 10&amp;apos;, os.arch: &amp;apos;amd64&amp;apos;, os.version: &amp;apos;10.0&amp;apos;, java.version: &amp;apos;1.8.0_201&amp;apos;
Driver info: org.openqa.selenium.chrome.ChromeDriver
Capabilities [{mobileEmulationEnabled=false, hasTouchScreen=false, platform=XP, acceptSslCerts=false, goog:chromeOptions={debuggerAddress=localhost:51405}, acceptInsecureCerts=false, webStorageEnabled=true, browserName=chrome, takesScreenshot=true, javascriptEnabled=true, setWindowRect=true, unexpectedAlertBehaviour=, applicationCacheEnabled=false, rotatable=false, networkConnectionEnabled=false, chrome={chromedriverVersion=2.43.600210 (68dcf5eebde37173d4027fa8635e332711d2874a), userDataDir=C:\Users\Sakshi\AppData\Local\Temp\scoped_dir10328_5157}, takesHeapSnapshot=true, pageLoadStrategy=normal, databaseEnabled=false, handlesAlerts=true, version=75.0.3770.100, browserConnectionEnabled=false, nativeEvents=true, locationContextEnabled=true, cssSelectorsEnabled=true}]
Session ID: a39642b816bb96c7d48db53daaf2e683">
      <![CDATA[org.openqa.selenium.WebDriverException: unknown error: Element <a class="dropdown-toggle" data-toggle="dropdown" role="button" href="">...</a> is not clickable at point (1003, 36). Other element would receive the click: <div class="modal fade modal-error in" id="info-modal" tabindex="-1" role="dialog" aria-labelledby="myModalLabel" aria-hidden="false" style="display: block;">...</div>
  (Session info: chrome=75.0.3770.100)
  (Driver info: chromedriver=2.43.600210 (68dcf5eebde37173d4027fa8635e332711d2874a),platform=Windows NT 10.0.10240 x86_64) (WARNING: The server did not provide any stacktrace information)
Command duration or timeout: 78 milliseconds
Build info: version: '2.53.1', revision: 'a36b8b1cd5757287168e54b817830adce9b0158d', time: '2016-06-30 19:26:09'
System info: host: 'DESKTOP-B0A316T', ip: '192.168.1.153', os.name: 'Windows 10', os.arch: 'amd64', os.version: '10.0', java.version: '1.8.0_201'
Driver info: org.openqa.selenium.chrome.ChromeDriver
Capabilities [{mobileEmulationEnabled=false, hasTouchScreen=false, platform=XP, acceptSslCerts=false, goog:chromeOptions={debuggerAddress=localhost:51405}, acceptInsecureCerts=false, webStorageEnabled=true, browserName=chrome, takesScreenshot=true, javascriptEnabled=true, setWindowRect=true, unexpectedAlertBehaviour=, applicationCacheEnabled=false, rotatable=false, networkConnectionEnabled=false, chrome={chromedriverVersion=2.43.600210 (68dcf5eebde37173d4027fa8635e332711d2874a), userDataDir=C:\Users\Sakshi\AppData\Local\Temp\scoped_dir10328_5157}, takesHeapSnapshot=true, pageLoadStrategy=normal, databaseEnabled=false, handlesAlerts=true, version=75.0.3770.100, browserConnectionEnabled=false, nativeEvents=true, locationContextEnabled=true, cssSelectorsEnabled=true}]
Session ID: a39642b816bb96c7d48db53daaf2e683
at org.openqa.selenium.remote.ErrorHandler.createThrowable(ErrorHandler.java:206)
at org.openqa.selenium.remote.ErrorHandler.throwIfResponseFailed(ErrorHandler.java:158)
at org.openqa.selenium.remote.RemoteWebDriver.execute(RemoteWebDriver.java:678)
at org.openqa.selenium.remote.RemoteWebElement.execute(RemoteWebElement.java:327)
at org.openqa.selenium.remote.RemoteWebElement.click(RemoteWebElement.java:85)
at org.openqa.selenium.support.pagefactory.internal.LocatingElementHandler.invoke(LocatingElementHandler.java:51)
at com.sun.proxy.$Proxy7.click(Unknown Source)
at com.mobiotics.HITSAdmin.commonpages.HomePage.navigateToModifySubuserPage(HomePage.java:141)
at com.mobiotics.HITSAdmin.tstCases.TC_SubuserModifySubuser_33.testModifySubuserTest(TC_SubuserModifySubuser_33.java:14)
... Removed 32 stack frames]]>
    </failure>
  </testcase> <!-- testModifySubuserTest -->
  <testcase name="testListBanksMethod" time="0.329" classname="com.mobiotics.HITSAdmin.tstCases.TC_BanksListBanks_34">
    <failure type="org.openqa.selenium.WebDriverException" message="unknown error: Element &amp;lt;a class=&amp;quot;dropdown-toggle&amp;quot; data-toggle=&amp;quot;dropdown&amp;quot; role=&amp;quot;button&amp;quot; href=&amp;quot;#&amp;quot;&amp;gt;...&amp;lt;/a&amp;gt; is not clickable at point (1096, 36). Other element would receive the click: &amp;lt;div class=&amp;quot;modal fade modal-error in&amp;quot; id=&amp;quot;info-modal&amp;quot; tabindex=&amp;quot;-1&amp;quot; role=&amp;quot;dialog&amp;quot; aria-labelledby=&amp;quot;myModalLabel&amp;quot; aria-hidden=&amp;quot;false&amp;quot; style=&amp;quot;display: block;&amp;quot;&amp;gt;...&amp;lt;/div&amp;gt;
  (Session info: chrome=75.0.3770.100)
  (Driver info: chromedriver=2.43.600210 (68dcf5eebde37173d4027fa8635e332711d2874a),platform=Windows NT 10.0.10240 x86_64) (WARNING: The server did not provide any stacktrace information)
Command duration or timeout: 125 milliseconds
Build info: version: &amp;apos;2.53.1&amp;apos;, revision: &amp;apos;a36b8b1cd5757287168e54b817830adce9b0158d&amp;apos;, time: &amp;apos;2016-06-30 19:26:09&amp;apos;
System info: host: &amp;apos;DESKTOP-B0A316T&amp;apos;, ip: &amp;apos;192.168.1.153&amp;apos;, os.name: &amp;apos;Windows 10&amp;apos;, os.arch: &amp;apos;amd64&amp;apos;, os.version: &amp;apos;10.0&amp;apos;, java.version: &amp;apos;1.8.0_201&amp;apos;
Driver info: org.openqa.selenium.chrome.ChromeDriver
Capabilities [{mobileEmulationEnabled=false, hasTouchScreen=false, platform=XP, acceptSslCerts=false, goog:chromeOptions={debuggerAddress=localhost:51405}, acceptInsecureCerts=false, webStorageEnabled=true, browserName=chrome, takesScreenshot=true, javascriptEnabled=true, setWindowRect=true, unexpectedAlertBehaviour=, applicationCacheEnabled=false, rotatable=false, networkConnectionEnabled=false, chrome={chromedriverVersion=2.43.600210 (68dcf5eebde37173d4027fa8635e332711d2874a), userDataDir=C:\Users\Sakshi\AppData\Local\Temp\scoped_dir10328_5157}, takesHeapSnapshot=true, pageLoadStrategy=normal, databaseEnabled=false, handlesAlerts=true, version=75.0.3770.100, browserConnectionEnabled=false, nativeEvents=true, locationContextEnabled=true, cssSelectorsEnabled=true}]
Session ID: a39642b816bb96c7d48db53daaf2e683">
      <![CDATA[org.openqa.selenium.WebDriverException: unknown error: Element <a class="dropdown-toggle" data-toggle="dropdown" role="button" href="#">...</a> is not clickable at point (1096, 36). Other element would receive the click: <div class="modal fade modal-error in" id="info-modal" tabindex="-1" role="dialog" aria-labelledby="myModalLabel" aria-hidden="false" style="display: block;">...</div>
  (Session info: chrome=75.0.3770.100)
  (Driver info: chromedriver=2.43.600210 (68dcf5eebde37173d4027fa8635e332711d2874a),platform=Windows NT 10.0.10240 x86_64) (WARNING: The server did not provide any stacktrace information)
Command duration or timeout: 125 milliseconds
Build info: version: '2.53.1', revision: 'a36b8b1cd5757287168e54b817830adce9b0158d', time: '2016-06-30 19:26:09'
System info: host: 'DESKTOP-B0A316T', ip: '192.168.1.153', os.name: 'Windows 10', os.arch: 'amd64', os.version: '10.0', java.version: '1.8.0_201'
Driver info: org.openqa.selenium.chrome.ChromeDriver
Capabilities [{mobileEmulationEnabled=false, hasTouchScreen=false, platform=XP, acceptSslCerts=false, goog:chromeOptions={debuggerAddress=localhost:51405}, acceptInsecureCerts=false, webStorageEnabled=true, browserName=chrome, takesScreenshot=true, javascriptEnabled=true, setWindowRect=true, unexpectedAlertBehaviour=, applicationCacheEnabled=false, rotatable=false, networkConnectionEnabled=false, chrome={chromedriverVersion=2.43.600210 (68dcf5eebde37173d4027fa8635e332711d2874a), userDataDir=C:\Users\Sakshi\AppData\Local\Temp\scoped_dir10328_5157}, takesHeapSnapshot=true, pageLoadStrategy=normal, databaseEnabled=false, handlesAlerts=true, version=75.0.3770.100, browserConnectionEnabled=false, nativeEvents=true, locationContextEnabled=true, cssSelectorsEnabled=true}]
Session ID: a39642b816bb96c7d48db53daaf2e683
at org.openqa.selenium.remote.ErrorHandler.createThrowable(ErrorHandler.java:206)
at org.openqa.selenium.remote.ErrorHandler.throwIfResponseFailed(ErrorHandler.java:158)
at org.openqa.selenium.remote.RemoteWebDriver.execute(RemoteWebDriver.java:678)
at org.openqa.selenium.remote.RemoteWebElement.execute(RemoteWebElement.java:327)
at org.openqa.selenium.remote.RemoteWebElement.click(RemoteWebElement.java:85)
at org.openqa.selenium.support.pagefactory.internal.LocatingElementHandler.invoke(LocatingElementHandler.java:51)
at com.sun.proxy.$Proxy7.click(Unknown Source)
at com.mobiotics.HITSAdmin.commonpages.HomePage.navigateToListBanksPage(HomePage.java:150)
at com.mobiotics.HITSAdmin.tstCases.TC_BanksListBanks_34.testListBanksMethod(TC_BanksListBanks_34.java:14)
... Removed 32 stack frames]]>
    </failure>
  </testcase> <!-- testListBanksMethod -->
  <testcase name="maintenanceTestMethod" time="0.469" classname="com.mobiotics.HITSAdmin.tstCases.TC_Maintenance">
    <failure type="org.openqa.selenium.WebDriverException" message="unknown error: Element &amp;lt;a class=&amp;quot;dropdown-toggle&amp;quot; data-toggle=&amp;quot;dropdown&amp;quot; role=&amp;quot;button&amp;quot; href=&amp;quot;&amp;quot;&amp;gt;...&amp;lt;/a&amp;gt; is not clickable at point (710, 36). Other element would receive the click: &amp;lt;div class=&amp;quot;modal-header&amp;quot;&amp;gt;...&amp;lt;/div&amp;gt;
  (Session info: chrome=75.0.3770.100)
  (Driver info: chromedriver=2.43.600210 (68dcf5eebde37173d4027fa8635e332711d2874a),platform=Windows NT 10.0.10240 x86_64) (WARNING: The server did not provide any stacktrace information)
Command duration or timeout: 125 milliseconds
Build info: version: &amp;apos;2.53.1&amp;apos;, revision: &amp;apos;a36b8b1cd5757287168e54b817830adce9b0158d&amp;apos;, time: &amp;apos;2016-06-30 19:26:09&amp;apos;
System info: host: &amp;apos;DESKTOP-B0A316T&amp;apos;, ip: &amp;apos;192.168.1.153&amp;apos;, os.name: &amp;apos;Windows 10&amp;apos;, os.arch: &amp;apos;amd64&amp;apos;, os.version: &amp;apos;10.0&amp;apos;, java.version: &amp;apos;1.8.0_201&amp;apos;
Driver info: org.openqa.selenium.chrome.ChromeDriver
Capabilities [{mobileEmulationEnabled=false, hasTouchScreen=false, platform=XP, acceptSslCerts=false, goog:chromeOptions={debuggerAddress=localhost:51405}, acceptInsecureCerts=false, webStorageEnabled=true, browserName=chrome, takesScreenshot=true, javascriptEnabled=true, setWindowRect=true, unexpectedAlertBehaviour=, applicationCacheEnabled=false, rotatable=false, networkConnectionEnabled=false, chrome={chromedriverVersion=2.43.600210 (68dcf5eebde37173d4027fa8635e332711d2874a), userDataDir=C:\Users\Sakshi\AppData\Local\Temp\scoped_dir10328_5157}, takesHeapSnapshot=true, pageLoadStrategy=normal, databaseEnabled=false, handlesAlerts=true, version=75.0.3770.100, browserConnectionEnabled=false, nativeEvents=true, locationContextEnabled=true, cssSelectorsEnabled=true}]
Session ID: a39642b816bb96c7d48db53daaf2e683">
      <![CDATA[org.openqa.selenium.WebDriverException: unknown error: Element <a class="dropdown-toggle" data-toggle="dropdown" role="button" href="">...</a> is not clickable at point (710, 36). Other element would receive the click: <div class="modal-header">...</div>
  (Session info: chrome=75.0.3770.100)
  (Driver info: chromedriver=2.43.600210 (68dcf5eebde37173d4027fa8635e332711d2874a),platform=Windows NT 10.0.10240 x86_64) (WARNING: The server did not provide any stacktrace information)
Command duration or timeout: 125 milliseconds
Build info: version: '2.53.1', revision: 'a36b8b1cd5757287168e54b817830adce9b0158d', time: '2016-06-30 19:26:09'
System info: host: 'DESKTOP-B0A316T', ip: '192.168.1.153', os.name: 'Windows 10', os.arch: 'amd64', os.version: '10.0', java.version: '1.8.0_201'
Driver info: org.openqa.selenium.chrome.ChromeDriver
Capabilities [{mobileEmulationEnabled=false, hasTouchScreen=false, platform=XP, acceptSslCerts=false, goog:chromeOptions={debuggerAddress=localhost:51405}, acceptInsecureCerts=false, webStorageEnabled=true, browserName=chrome, takesScreenshot=true, javascriptEnabled=true, setWindowRect=true, unexpectedAlertBehaviour=, applicationCacheEnabled=false, rotatable=false, networkConnectionEnabled=false, chrome={chromedriverVersion=2.43.600210 (68dcf5eebde37173d4027fa8635e332711d2874a), userDataDir=C:\Users\Sakshi\AppData\Local\Temp\scoped_dir10328_5157}, takesHeapSnapshot=true, pageLoadStrategy=normal, databaseEnabled=false, handlesAlerts=true, version=75.0.3770.100, browserConnectionEnabled=false, nativeEvents=true, locationContextEnabled=true, cssSelectorsEnabled=true}]
Session ID: a39642b816bb96c7d48db53daaf2e683
at org.openqa.selenium.remote.ErrorHandler.createThrowable(ErrorHandler.java:206)
at org.openqa.selenium.remote.ErrorHandler.throwIfResponseFailed(ErrorHandler.java:158)
at org.openqa.selenium.remote.RemoteWebDriver.execute(RemoteWebDriver.java:678)
at org.openqa.selenium.remote.RemoteWebElement.execute(RemoteWebElement.java:327)
at org.openqa.selenium.remote.RemoteWebElement.click(RemoteWebElement.java:85)
at org.openqa.selenium.support.pagefactory.internal.LocatingElementHandler.invoke(LocatingElementHandler.java:51)
at com.sun.proxy.$Proxy7.click(Unknown Source)
at com.mobiotics.HITSAdmin.commonpages.HomePage.navigateToMaintenancePage(HomePage.java:457)
at com.mobiotics.HITSAdmin.tstCases.TC_Maintenance.maintenanceTestMethod(TC_Maintenance.java:15)
... Removed 32 stack frames]]>
    </failure>
  </testcase> <!-- maintenanceTestMethod -->
  <testcase name="@AfterTest shutDown" time="0.0" classname="com.mobiotics.HITSAdmin.constants.BaseTest">
    <ignored/>
  </testcase> <!-- @AfterTest shutDown -->
  <testcase name="@AfterTest shutDown" time="0.0" classname="com.mobiotics.HITSAdmin.constants.BaseTest">
    <ignored/>
  </testcase> <!-- @AfterTest shutDown -->
  <testcase name="@AfterTest shutDown" time="0.0" classname="com.mobiotics.HITSAdmin.constants.BaseTest">
    <ignored/>
  </testcase> <!-- @AfterTest shutDown -->
  <testcase name="@AfterTest shutDown" time="0.0" classname="com.mobiotics.HITSAdmin.constants.BaseTest">
    <ignored/>
  </testcase> <!-- @AfterTest shutDown -->
  <testcase name="@AfterTest shutDown" time="0.0" classname="com.mobiotics.HITSAdmin.constants.BaseTest">
    <ignored/>
  </testcase> <!-- @AfterTest shutDown -->
  <testcase name="@AfterTest shutDown" time="0.0" classname="com.mobiotics.HITSAdmin.constants.BaseTest">
    <ignored/>
  </testcase> <!-- @AfterTest shutDown -->
  <testcase name="@AfterTest shutDown" time="0.0" classname="com.mobiotics.HITSAdmin.constants.BaseTest">
    <ignored/>
  </testcase> <!-- @AfterTest shutDown -->
  <testcase name="@AfterTest shutDown" time="0.0" classname="com.mobiotics.HITSAdmin.constants.BaseTest">
    <ignored/>
  </testcase> <!-- @AfterTest shutDown -->
  <testcase name="@AfterTest shutDown" time="0.0" classname="com.mobiotics.HITSAdmin.constants.BaseTest">
    <ignored/>
  </testcase> <!-- @AfterTest shutDown -->
  <testcase name="@AfterTest shutDown" time="0.0" classname="com.mobiotics.HITSAdmin.constants.BaseTest">
    <ignored/>
  </testcase> <!-- @AfterTest shutDown -->
  <testcase name="@AfterTest shutDown" time="0.0" classname="com.mobiotics.HITSAdmin.constants.BaseTest">
    <ignored/>
  </testcase> <!-- @AfterTest shutDown -->
  <testcase name="@AfterTest shutDown" time="0.0" classname="com.mobiotics.HITSAdmin.constants.BaseTest">
    <ignored/>
  </testcase> <!-- @AfterTest shutDown -->
  <testcase name="@AfterTest shutDown" time="0.0" classname="com.mobiotics.HITSAdmin.constants.BaseTest">
    <ignored/>
  </testcase> <!-- @AfterTest shutDown -->
  <testcase name="@AfterTest shutDown" time="0.0" classname="com.mobiotics.HITSAdmin.constants.BaseTest">
    <ignored/>
  </testcase> <!-- @AfterTest shutDown -->
  <testcase name="@AfterTest shutDown" time="0.0" classname="com.mobiotics.HITSAdmin.constants.BaseTest">
    <ignored/>
  </testcase> <!-- @AfterTest shutDown -->
  <testcase name="@AfterTest shutDown" time="0.0" classname="com.mobiotics.HITSAdmin.constants.BaseTest">
    <ignored/>
  </testcase> <!-- @AfterTest shutDown -->
  <testcase name="@AfterTest shutDown" time="0.0" classname="com.mobiotics.HITSAdmin.constants.BaseTest">
    <ignored/>
  </testcase> <!-- @AfterTest shutDown -->
  <testcase name="@AfterTest shutDown" time="0.0" classname="com.mobiotics.HITSAdmin.constants.BaseTest">
    <ignored/>
  </testcase> <!-- @AfterTest shutDown -->
  <testcase name="@AfterTest shutDown" time="0.0" classname="com.mobiotics.HITSAdmin.constants.BaseTest">
    <ignored/>
  </testcase> <!-- @AfterTest shutDown -->
  <testcase name="@AfterTest shutDown" time="0.0" classname="com.mobiotics.HITSAdmin.constants.BaseTest">
    <ignored/>
  </testcase> <!-- @AfterTest shutDown -->
  <testcase name="@AfterTest shutDown" time="0.0" classname="com.mobiotics.HITSAdmin.constants.BaseTest">
    <ignored/>
  </testcase> <!-- @AfterTest shutDown -->
  <testcase name="@AfterTest shutDown" time="0.0" classname="com.mobiotics.HITSAdmin.constants.BaseTest">
    <ignored/>
  </testcase> <!-- @AfterTest shutDown -->
  <testcase name="@AfterTest shutDown" time="0.0" classname="com.mobiotics.HITSAdmin.constants.BaseTest">
    <ignored/>
  </testcase> <!-- @AfterTest shutDown -->
  <testcase name="@AfterTest shutDown" time="0.0" classname="com.mobiotics.HITSAdmin.constants.BaseTest">
    <ignored/>
  </testcase> <!-- @AfterTest shutDown -->
  <testcase name="@AfterTest shutDown" time="0.0" classname="com.mobiotics.HITSAdmin.constants.BaseTest">
    <ignored/>
  </testcase> <!-- @AfterTest shutDown -->
  <testcase name="@AfterTest shutDown" time="0.0" classname="com.mobiotics.HITSAdmin.constants.BaseTest">
    <ignored/>
  </testcase> <!-- @AfterTest shutDown -->
  <testcase name="@AfterTest shutDown" time="0.0" classname="com.mobiotics.HITSAdmin.constants.BaseTest">
    <ignored/>
  </testcase> <!-- @AfterTest shutDown -->
  <testcase name="@AfterTest shutDown" time="0.0" classname="com.mobiotics.HITSAdmin.constants.BaseTest">
    <ignored/>
  </testcase> <!-- @AfterTest shutDown -->
  <testcase name="@AfterTest shutDown" time="0.0" classname="com.mobiotics.HITSAdmin.constants.BaseTest">
    <ignored/>
  </testcase> <!-- @AfterTest shutDown -->
  <testcase name="@AfterTest shutDown" time="0.0" classname="com.mobiotics.HITSAdmin.constants.BaseTest">
    <ignored/>
  </testcase> <!-- @AfterTest shutDown -->
  <testcase name="@AfterTest shutDown" time="0.0" classname="com.mobiotics.HITSAdmin.constants.BaseTest">
    <ignored/>
  </testcase> <!-- @AfterTest shutDown -->
  <testcase name="@AfterTest shutDown" time="0.0" classname="com.mobiotics.HITSAdmin.constants.BaseTest">
    <ignored/>
  </testcase> <!-- @AfterTest shutDown -->
  <testcase name="@AfterTest shutDown" time="0.0" classname="com.mobiotics.HITSAdmin.constants.BaseTest">
    <ignored/>
  </testcase> <!-- @AfterTest shutDown -->
  <testcase name="@AfterTest shutDown" time="0.0" classname="com.mobiotics.HITSAdmin.constants.BaseTest">
    <ignored/>
  </testcase> <!-- @AfterTest shutDown -->
  <testcase name="@AfterTest shutDown" time="0.0" classname="com.mobiotics.HITSAdmin.constants.BaseTest">
    <ignored/>
  </testcase> <!-- @AfterTest shutDown -->
  <testcase name="@AfterTest shutDown" time="0.0" classname="com.mobiotics.HITSAdmin.constants.BaseTest">
    <ignored/>
  </testcase> <!-- @AfterTest shutDown -->
  <testcase name="@BeforeTest initApplication" time="0.0" classname="com.mobiotics.HITSAdmin.constants.BaseTest">
    <ignored/>
  </testcase> <!-- @BeforeTest initApplication -->
  <testcase name="@BeforeTest initApplication" time="0.0" classname="com.mobiotics.HITSAdmin.constants.BaseTest">
    <ignored/>
  </testcase> <!-- @BeforeTest initApplication -->
  <testcase name="@BeforeTest initApplication" time="0.0" classname="com.mobiotics.HITSAdmin.constants.BaseTest">
    <ignored/>
  </testcase> <!-- @BeforeTest initApplication -->
  <testcase name="@BeforeTest initApplication" time="0.0" classname="com.mobiotics.HITSAdmin.constants.BaseTest">
    <ignored/>
  </testcase> <!-- @BeforeTest initApplication -->
  <testcase name="@BeforeTest initApplication" time="0.0" classname="com.mobiotics.HITSAdmin.constants.BaseTest">
    <ignored/>
  </testcase> <!-- @BeforeTest initApplication -->
  <testcase name="@BeforeTest initApplication" time="0.0" classname="com.mobiotics.HITSAdmin.constants.BaseTest">
    <ignored/>
  </testcase> <!-- @BeforeTest initApplication -->
  <testcase name="@BeforeTest initApplication" time="0.0" classname="com.mobiotics.HITSAdmin.constants.BaseTest">
    <ignored/>
  </testcase> <!-- @BeforeTest initApplication -->
  <testcase name="@BeforeTest initApplication" time="0.0" classname="com.mobiotics.HITSAdmin.constants.BaseTest">
    <ignored/>
  </testcase> <!-- @BeforeTest initApplication -->
  <testcase name="@BeforeTest initApplication" time="0.0" classname="com.mobiotics.HITSAdmin.constants.BaseTest">
    <ignored/>
  </testcase> <!-- @BeforeTest initApplication -->
  <testcase name="@BeforeTest initApplication" time="0.0" classname="com.mobiotics.HITSAdmin.constants.BaseTest">
    <ignored/>
  </testcase> <!-- @BeforeTest initApplication -->
  <testcase name="@BeforeTest initApplication" time="0.0" classname="com.mobiotics.HITSAdmin.constants.BaseTest">
    <ignored/>
  </testcase> <!-- @BeforeTest initApplication -->
  <testcase name="@BeforeTest initApplication" time="0.0" classname="com.mobiotics.HITSAdmin.constants.BaseTest">
    <ignored/>
  </testcase> <!-- @BeforeTest initApplication -->
  <testcase name="@BeforeTest initApplication" time="0.0" classname="com.mobiotics.HITSAdmin.constants.BaseTest">
    <ignored/>
  </testcase> <!-- @BeforeTest initApplication -->
  <testcase name="@BeforeTest initApplication" time="0.0" classname="com.mobiotics.HITSAdmin.constants.BaseTest">
    <ignored/>
  </testcase> <!-- @BeforeTest initApplication -->
  <testcase name="@BeforeTest initApplication" time="0.0" classname="com.mobiotics.HITSAdmin.constants.BaseTest">
    <ignored/>
  </testcase> <!-- @BeforeTest initApplication -->
  <testcase name="@BeforeTest initApplication" time="0.0" classname="com.mobiotics.HITSAdmin.constants.BaseTest">
    <ignored/>
  </testcase> <!-- @BeforeTest initApplication -->
  <testcase name="@BeforeTest initApplication" time="0.0" classname="com.mobiotics.HITSAdmin.constants.BaseTest">
    <ignored/>
  </testcase> <!-- @BeforeTest initApplication -->
  <testcase name="@BeforeTest initApplication" time="0.0" classname="com.mobiotics.HITSAdmin.constants.BaseTest">
    <ignored/>
  </testcase> <!-- @BeforeTest initApplication -->
  <testcase name="@BeforeTest initApplication" time="0.0" classname="com.mobiotics.HITSAdmin.constants.BaseTest">
    <ignored/>
  </testcase> <!-- @BeforeTest initApplication -->
  <testcase name="@BeforeTest initApplication" time="0.0" classname="com.mobiotics.HITSAdmin.constants.BaseTest">
    <ignored/>
  </testcase> <!-- @BeforeTest initApplication -->
  <testcase name="@BeforeTest initApplication" time="0.0" classname="com.mobiotics.HITSAdmin.constants.BaseTest">
    <ignored/>
  </testcase> <!-- @BeforeTest initApplication -->
  <testcase name="@BeforeTest initApplication" time="0.0" classname="com.mobiotics.HITSAdmin.constants.BaseTest">
    <ignored/>
  </testcase> <!-- @BeforeTest initApplication -->
  <testcase name="@BeforeTest initApplication" time="0.0" classname="com.mobiotics.HITSAdmin.constants.BaseTest">
    <ignored/>
  </testcase> <!-- @BeforeTest initApplication -->
  <testcase name="@BeforeTest initApplication" time="0.0" classname="com.mobiotics.HITSAdmin.constants.BaseTest">
    <ignored/>
  </testcase> <!-- @BeforeTest initApplication -->
  <testcase name="@BeforeTest initApplication" time="0.0" classname="com.mobiotics.HITSAdmin.constants.BaseTest">
    <ignored/>
  </testcase> <!-- @BeforeTest initApplication -->
  <testcase name="@BeforeTest initApplication" time="0.0" classname="com.mobiotics.HITSAdmin.constants.BaseTest">
    <ignored/>
  </testcase> <!-- @BeforeTest initApplication -->
  <testcase name="@BeforeTest initApplication" time="0.0" classname="com.mobiotics.HITSAdmin.constants.BaseTest">
    <ignored/>
  </testcase> <!-- @BeforeTest initApplication -->
  <testcase name="@BeforeTest initApplication" time="0.0" classname="com.mobiotics.HITSAdmin.constants.BaseTest">
    <ignored/>
  </testcase> <!-- @BeforeTest initApplication -->
  <testcase name="@BeforeTest initApplication" time="0.0" classname="com.mobiotics.HITSAdmin.constants.BaseTest">
    <ignored/>
  </testcase> <!-- @BeforeTest initApplication -->
  <testcase name="@BeforeTest initApplication" time="0.0" classname="com.mobiotics.HITSAdmin.constants.BaseTest">
    <ignored/>
  </testcase> <!-- @BeforeTest initApplication -->
  <testcase name="@BeforeTest initApplication" time="0.0" classname="com.mobiotics.HITSAdmin.constants.BaseTest">
    <ignored/>
  </testcase> <!-- @BeforeTest initApplication -->
  <testcase name="@BeforeTest initApplication" time="0.0" classname="com.mobiotics.HITSAdmin.constants.BaseTest">
    <ignored/>
  </testcase> <!-- @BeforeTest initApplication -->
  <testcase name="@BeforeTest initApplication" time="0.0" classname="com.mobiotics.HITSAdmin.constants.BaseTest">
    <ignored/>
  </testcase> <!-- @BeforeTest initApplication -->
  <testcase name="@BeforeTest initApplication" time="0.0" classname="com.mobiotics.HITSAdmin.constants.BaseTest">
    <ignored/>
  </testcase> <!-- @BeforeTest initApplication -->
  <testcase name="@BeforeTest initApplication" time="0.0" classname="com.mobiotics.HITSAdmin.constants.BaseTest">
    <ignored/>
  </testcase> <!-- @BeforeTest initApplication -->
  <testcase name="@BeforeTest initApplication" time="0.0" classname="com.mobiotics.HITSAdmin.constants.BaseTest">
    <ignored/>
  </testcase> <!-- @BeforeTest initApplication -->
</testsuite> <!-- Test -->
