<?xml version="1.0" encoding="UTF-8"?>
<!-- Generated by org.testng.reporters.JUnitXMLReporter -->
<testsuite hostname="DESKTOP-B0A316T" ignored="13" name="Test(failed)" tests="14" failures="3" timestamp="08 Jul 2019 19:56:13 GMT" time="1715.722" errors="0">
  <testcase name="reportRefundReportTestMethod" time="29.835" classname="com.mobiotics.HITSAdmin.tstCases.TC_Report_RefundReport_29">
    <failure type="org.openqa.selenium.StaleElementReferenceException" message="stale element reference: element is not attached to the page document
  (Session info: chrome=75.0.3770.100)
  (Driver info: chromedriver=2.43.600210 (68dcf5eebde37173d4027fa8635e332711d2874a),platform=Windows NT 10.0.10240 x86_64) (WARNING: The server did not provide any stacktrace information)
Command duration or timeout: 101 milliseconds
For documentation on this error, please visit: http://seleniumhq.org/exceptions/stale_element_reference.html
Build info: version: &amp;apos;2.53.1&amp;apos;, revision: &amp;apos;a36b8b1cd5757287168e54b817830adce9b0158d&amp;apos;, time: &amp;apos;2016-06-30 19:26:09&amp;apos;
System info: host: &amp;apos;DESKTOP-B0A316T&amp;apos;, ip: &amp;apos;192.168.0.100&amp;apos;, os.name: &amp;apos;Windows 10&amp;apos;, os.arch: &amp;apos;amd64&amp;apos;, os.version: &amp;apos;10.0&amp;apos;, java.version: &amp;apos;1.8.0_201&amp;apos;
Driver info: org.openqa.selenium.chrome.ChromeDriver
Capabilities [{mobileEmulationEnabled=false, hasTouchScreen=false, platform=XP, acceptSslCerts=false, goog:chromeOptions={debuggerAddress=localhost:57885}, acceptInsecureCerts=false, webStorageEnabled=true, browserName=chrome, takesScreenshot=true, javascriptEnabled=true, setWindowRect=true, unexpectedAlertBehaviour=, applicationCacheEnabled=false, rotatable=false, networkConnectionEnabled=false, chrome={chromedriverVersion=2.43.600210 (68dcf5eebde37173d4027fa8635e332711d2874a), userDataDir=C:\Users\Sakshi\AppData\Local\Temp\scoped_dir12200_24886}, takesHeapSnapshot=true, pageLoadStrategy=normal, databaseEnabled=false, handlesAlerts=true, version=75.0.3770.100, browserConnectionEnabled=false, nativeEvents=true, locationContextEnabled=true, cssSelectorsEnabled=true}]
Session ID: 53907bc5034b1a2877a97da51e0240b0">
      <![CDATA[org.openqa.selenium.StaleElementReferenceException: stale element reference: element is not attached to the page document
  (Session info: chrome=75.0.3770.100)
  (Driver info: chromedriver=2.43.600210 (68dcf5eebde37173d4027fa8635e332711d2874a),platform=Windows NT 10.0.10240 x86_64) (WARNING: The server did not provide any stacktrace information)
Command duration or timeout: 101 milliseconds
For documentation on this error, please visit: http://seleniumhq.org/exceptions/stale_element_reference.html
Build info: version: '2.53.1', revision: 'a36b8b1cd5757287168e54b817830adce9b0158d', time: '2016-06-30 19:26:09'
System info: host: 'DESKTOP-B0A316T', ip: '192.168.0.100', os.name: 'Windows 10', os.arch: 'amd64', os.version: '10.0', java.version: '1.8.0_201'
Driver info: org.openqa.selenium.chrome.ChromeDriver
Capabilities [{mobileEmulationEnabled=false, hasTouchScreen=false, platform=XP, acceptSslCerts=false, goog:chromeOptions={debuggerAddress=localhost:57885}, acceptInsecureCerts=false, webStorageEnabled=true, browserName=chrome, takesScreenshot=true, javascriptEnabled=true, setWindowRect=true, unexpectedAlertBehaviour=, applicationCacheEnabled=false, rotatable=false, networkConnectionEnabled=false, chrome={chromedriverVersion=2.43.600210 (68dcf5eebde37173d4027fa8635e332711d2874a), userDataDir=C:\Users\Sakshi\AppData\Local\Temp\scoped_dir12200_24886}, takesHeapSnapshot=true, pageLoadStrategy=normal, databaseEnabled=false, handlesAlerts=true, version=75.0.3770.100, browserConnectionEnabled=false, nativeEvents=true, locationContextEnabled=true, cssSelectorsEnabled=true}]
Session ID: 53907bc5034b1a2877a97da51e0240b0
at org.openqa.selenium.remote.ErrorHandler.createThrowable(ErrorHandler.java:206)
at org.openqa.selenium.remote.ErrorHandler.throwIfResponseFailed(ErrorHandler.java:158)
at org.openqa.selenium.remote.RemoteWebDriver.execute(RemoteWebDriver.java:678)
at org.openqa.selenium.remote.RemoteWebElement.execute(RemoteWebElement.java:327)
at org.openqa.selenium.remote.RemoteWebElement.isDisplayed(RemoteWebElement.java:368)
at org.openqa.selenium.support.pagefactory.internal.LocatingElementHandler.invoke(LocatingElementHandler.java:51)
at com.sun.proxy.$Proxy6.isDisplayed(Unknown Source)
at org.openqa.selenium.support.ui.ExpectedConditions.elementIfVisible(ExpectedConditions.java:302)
at org.openqa.selenium.support.ui.ExpectedConditions.access$100(ExpectedConditions.java:41)
at org.openqa.selenium.support.ui.ExpectedConditions$10.apply(ExpectedConditions.java:288)
at org.openqa.selenium.support.ui.ExpectedConditions$10.apply(ExpectedConditions.java:285)
at org.openqa.selenium.support.ui.FluentWait.until(FluentWait.java:238)
at com.mobiotics.HITSAdmin.commonpages.BasePage.waitTillElementIsVisible(BasePage.java:35)
at com.mobiotics.HITSAdmin.ReportRefundReport.ReportFinanceRefundReportPage.verifyData(ReportFinanceRefundReportPage.java:211)
at com.mobiotics.HITSAdmin.ReportRefundReport.ReportFinanceRefundReportPage.testReportRefundReport(ReportFinanceRefundReportPage.java:305)
at com.mobiotics.HITSAdmin.tstCases.TC_Report_RefundReport_29.reportRefundReportTestMethod(TC_Report_RefundReport_29.java:15)
... Removed 33 stack frames]]>
    </failure>
  </testcase> <!-- reportRefundReportTestMethod -->
  <testcase name="reportFinancePayForBoxTestMethod" time="60.055" classname="com.mobiotics.HITSAdmin.tstCases.TC_Report_Finance_PayForBox_26"/>
  <testcase name="reportCoreActivationsTestMethod" time="111.208" classname="com.mobiotics.HITSAdmin.tstCases.TC_Report_Core_ListActivations_22"/>
  <testcase name="reportFinancePayBillsTestMethod" time="37.398" classname="com.mobiotics.HITSAdmin.tstCases.TC_Report_Finance_PayBills_28"/>
  <testcase name="testListMessageMethod" time="518.632" classname="com.mobiotics.HITSAdmin.tstCases.TC_MessageListMessage_30"/>
  <testcase name="reportCoreListDevicesTestMethod" time="150.337" classname="com.mobiotics.HITSAdmin.tstCases.TC_Report_Core_ListDevices_20">
    <failure type="org.openqa.selenium.StaleElementReferenceException" message="stale element reference: element is not attached to the page document
  (Session info: chrome=75.0.3770.100)
  (Driver info: chromedriver=2.43.600210 (68dcf5eebde37173d4027fa8635e332711d2874a),platform=Windows NT 10.0.10240 x86_64) (WARNING: The server did not provide any stacktrace information)
Command duration or timeout: 77 milliseconds
For documentation on this error, please visit: http://seleniumhq.org/exceptions/stale_element_reference.html
Build info: version: &amp;apos;2.53.1&amp;apos;, revision: &amp;apos;a36b8b1cd5757287168e54b817830adce9b0158d&amp;apos;, time: &amp;apos;2016-06-30 19:26:09&amp;apos;
System info: host: &amp;apos;DESKTOP-B0A316T&amp;apos;, ip: &amp;apos;192.168.0.100&amp;apos;, os.name: &amp;apos;Windows 10&amp;apos;, os.arch: &amp;apos;amd64&amp;apos;, os.version: &amp;apos;10.0&amp;apos;, java.version: &amp;apos;1.8.0_201&amp;apos;
Driver info: org.openqa.selenium.chrome.ChromeDriver
Capabilities [{mobileEmulationEnabled=false, hasTouchScreen=false, platform=XP, acceptSslCerts=false, goog:chromeOptions={debuggerAddress=localhost:57885}, acceptInsecureCerts=false, webStorageEnabled=true, browserName=chrome, takesScreenshot=true, javascriptEnabled=true, setWindowRect=true, unexpectedAlertBehaviour=, applicationCacheEnabled=false, rotatable=false, networkConnectionEnabled=false, chrome={chromedriverVersion=2.43.600210 (68dcf5eebde37173d4027fa8635e332711d2874a), userDataDir=C:\Users\Sakshi\AppData\Local\Temp\scoped_dir12200_24886}, takesHeapSnapshot=true, pageLoadStrategy=normal, databaseEnabled=false, handlesAlerts=true, version=75.0.3770.100, browserConnectionEnabled=false, nativeEvents=true, locationContextEnabled=true, cssSelectorsEnabled=true}]
Session ID: 53907bc5034b1a2877a97da51e0240b0">
      <![CDATA[org.openqa.selenium.StaleElementReferenceException: stale element reference: element is not attached to the page document
  (Session info: chrome=75.0.3770.100)
  (Driver info: chromedriver=2.43.600210 (68dcf5eebde37173d4027fa8635e332711d2874a),platform=Windows NT 10.0.10240 x86_64) (WARNING: The server did not provide any stacktrace information)
Command duration or timeout: 77 milliseconds
For documentation on this error, please visit: http://seleniumhq.org/exceptions/stale_element_reference.html
Build info: version: '2.53.1', revision: 'a36b8b1cd5757287168e54b817830adce9b0158d', time: '2016-06-30 19:26:09'
System info: host: 'DESKTOP-B0A316T', ip: '192.168.0.100', os.name: 'Windows 10', os.arch: 'amd64', os.version: '10.0', java.version: '1.8.0_201'
Driver info: org.openqa.selenium.chrome.ChromeDriver
Capabilities [{mobileEmulationEnabled=false, hasTouchScreen=false, platform=XP, acceptSslCerts=false, goog:chromeOptions={debuggerAddress=localhost:57885}, acceptInsecureCerts=false, webStorageEnabled=true, browserName=chrome, takesScreenshot=true, javascriptEnabled=true, setWindowRect=true, unexpectedAlertBehaviour=, applicationCacheEnabled=false, rotatable=false, networkConnectionEnabled=false, chrome={chromedriverVersion=2.43.600210 (68dcf5eebde37173d4027fa8635e332711d2874a), userDataDir=C:\Users\Sakshi\AppData\Local\Temp\scoped_dir12200_24886}, takesHeapSnapshot=true, pageLoadStrategy=normal, databaseEnabled=false, handlesAlerts=true, version=75.0.3770.100, browserConnectionEnabled=false, nativeEvents=true, locationContextEnabled=true, cssSelectorsEnabled=true}]
Session ID: 53907bc5034b1a2877a97da51e0240b0
at org.openqa.selenium.remote.ErrorHandler.createThrowable(ErrorHandler.java:206)
at org.openqa.selenium.remote.ErrorHandler.throwIfResponseFailed(ErrorHandler.java:158)
at org.openqa.selenium.remote.RemoteWebDriver.execute(RemoteWebDriver.java:678)
at org.openqa.selenium.remote.RemoteWebElement.execute(RemoteWebElement.java:327)
at org.openqa.selenium.remote.RemoteWebElement.isDisplayed(RemoteWebElement.java:368)
at org.openqa.selenium.support.ui.ExpectedConditions$9.apply(ExpectedConditions.java:261)
at org.openqa.selenium.support.ui.ExpectedConditions$9.apply(ExpectedConditions.java:257)
at org.openqa.selenium.support.ui.FluentWait.until(FluentWait.java:238)
at com.mobiotics.HITSAdmin.commonpages.BasePage.waitForVisibiltyOfListOfElements(BasePage.java:72)
at com.mobiotics.HITSAdmin.ReportCoreListDevice.ReportCoreListDevicesPage.testReportCoreListDevice(ReportCoreListDevicesPage.java:357)
at com.mobiotics.HITSAdmin.tstCases.TC_Report_Core_ListDevices_20.reportCoreListDevicesTestMethod(TC_Report_Core_ListDevices_20.java:15)
... Removed 29 stack frames]]>
    </failure>
  </testcase> <!-- reportCoreListDevicesTestMethod -->
  <testcase name="reportCoreListSuspensionTestMethod" time="254.159" classname="com.mobiotics.HITSAdmin.tstCases.TC_Report_Core_ListSuspension_23"/>
  <testcase name="testSetDueDateMethod" time="12.496" classname="com.mobiotics.HITSAdmin.tstCases.TC_SetDueDate_31"/>
  <testcase name="reportCoreListConnectionsTestMethod" time="78.317" classname="com.mobiotics.HITSAdmin.tstCases.TC_Report_Core_ListConnections_21"/>
  <testcase name="reportFinanceGSTReportTestMethod" time="19.685" classname="com.mobiotics.HITSAdmin.tstCases.TC_Report_Finance_GSTReport_27"/>
  <testcase name="testAddScrollMethod" time="14.545" classname="com.mobiotics.HITSAdmin.tstCases.TC_MessageAddScroll_31"/>
  <testcase name="reportCoreProductAssignmentTestMethod" time="67.0" classname="com.mobiotics.HITSAdmin.tstCases.TC_Report_Core_Product_Assignment_24"/>
  <testcase name="reportFinanceListPaymentsTestMethod" time="131.509" classname="com.mobiotics.HITSAdmin.tstCases.TC_Report_Finance_ListPayments_25">
    <failure type="org.openqa.selenium.StaleElementReferenceException" message="stale element reference: element is not attached to the page document
  (Session info: chrome=75.0.3770.100)
  (Driver info: chromedriver=2.43.600210 (68dcf5eebde37173d4027fa8635e332711d2874a),platform=Windows NT 10.0.10240 x86_64) (WARNING: The server did not provide any stacktrace information)
Command duration or timeout: 123 milliseconds
For documentation on this error, please visit: http://seleniumhq.org/exceptions/stale_element_reference.html
Build info: version: &amp;apos;2.53.1&amp;apos;, revision: &amp;apos;a36b8b1cd5757287168e54b817830adce9b0158d&amp;apos;, time: &amp;apos;2016-06-30 19:26:09&amp;apos;
System info: host: &amp;apos;DESKTOP-B0A316T&amp;apos;, ip: &amp;apos;192.168.0.100&amp;apos;, os.name: &amp;apos;Windows 10&amp;apos;, os.arch: &amp;apos;amd64&amp;apos;, os.version: &amp;apos;10.0&amp;apos;, java.version: &amp;apos;1.8.0_201&amp;apos;
Driver info: org.openqa.selenium.chrome.ChromeDriver
Capabilities [{mobileEmulationEnabled=false, hasTouchScreen=false, platform=XP, acceptSslCerts=false, goog:chromeOptions={debuggerAddress=localhost:57885}, acceptInsecureCerts=false, webStorageEnabled=true, browserName=chrome, takesScreenshot=true, javascriptEnabled=true, setWindowRect=true, unexpectedAlertBehaviour=, applicationCacheEnabled=false, rotatable=false, networkConnectionEnabled=false, chrome={chromedriverVersion=2.43.600210 (68dcf5eebde37173d4027fa8635e332711d2874a), userDataDir=C:\Users\Sakshi\AppData\Local\Temp\scoped_dir12200_24886}, takesHeapSnapshot=true, pageLoadStrategy=normal, databaseEnabled=false, handlesAlerts=true, version=75.0.3770.100, browserConnectionEnabled=false, nativeEvents=true, locationContextEnabled=true, cssSelectorsEnabled=true}]
Session ID: 53907bc5034b1a2877a97da51e0240b0">
      <![CDATA[org.openqa.selenium.StaleElementReferenceException: stale element reference: element is not attached to the page document
  (Session info: chrome=75.0.3770.100)
  (Driver info: chromedriver=2.43.600210 (68dcf5eebde37173d4027fa8635e332711d2874a),platform=Windows NT 10.0.10240 x86_64) (WARNING: The server did not provide any stacktrace information)
Command duration or timeout: 123 milliseconds
For documentation on this error, please visit: http://seleniumhq.org/exceptions/stale_element_reference.html
Build info: version: '2.53.1', revision: 'a36b8b1cd5757287168e54b817830adce9b0158d', time: '2016-06-30 19:26:09'
System info: host: 'DESKTOP-B0A316T', ip: '192.168.0.100', os.name: 'Windows 10', os.arch: 'amd64', os.version: '10.0', java.version: '1.8.0_201'
Driver info: org.openqa.selenium.chrome.ChromeDriver
Capabilities [{mobileEmulationEnabled=false, hasTouchScreen=false, platform=XP, acceptSslCerts=false, goog:chromeOptions={debuggerAddress=localhost:57885}, acceptInsecureCerts=false, webStorageEnabled=true, browserName=chrome, takesScreenshot=true, javascriptEnabled=true, setWindowRect=true, unexpectedAlertBehaviour=, applicationCacheEnabled=false, rotatable=false, networkConnectionEnabled=false, chrome={chromedriverVersion=2.43.600210 (68dcf5eebde37173d4027fa8635e332711d2874a), userDataDir=C:\Users\Sakshi\AppData\Local\Temp\scoped_dir12200_24886}, takesHeapSnapshot=true, pageLoadStrategy=normal, databaseEnabled=false, handlesAlerts=true, version=75.0.3770.100, browserConnectionEnabled=false, nativeEvents=true, locationContextEnabled=true, cssSelectorsEnabled=true}]
Session ID: 53907bc5034b1a2877a97da51e0240b0
at org.openqa.selenium.remote.ErrorHandler.createThrowable(ErrorHandler.java:206)
at org.openqa.selenium.remote.ErrorHandler.throwIfResponseFailed(ErrorHandler.java:158)
at org.openqa.selenium.remote.RemoteWebDriver.execute(RemoteWebDriver.java:678)
at org.openqa.selenium.remote.RemoteWebElement.execute(RemoteWebElement.java:327)
at org.openqa.selenium.remote.RemoteWebElement.isDisplayed(RemoteWebElement.java:368)
at org.openqa.selenium.support.ui.ExpectedConditions$9.apply(ExpectedConditions.java:261)
at org.openqa.selenium.support.ui.ExpectedConditions$9.apply(ExpectedConditions.java:257)
at org.openqa.selenium.support.ui.FluentWait.until(FluentWait.java:238)
at com.mobiotics.HITSAdmin.commonpages.BasePage.waitForVisibiltyOfListOfElements(BasePage.java:72)
at com.mobiotics.HITSAdmin.ReportFinanceListPayments.ReportFinanceListPaymentsPage.testReportFinanceListPayments(ReportFinanceListPaymentsPage.java:445)
at com.mobiotics.HITSAdmin.tstCases.TC_Report_Finance_ListPayments_25.reportFinanceListPaymentsTestMethod(TC_Report_Finance_ListPayments_25.java:15)
... Removed 29 stack frames]]>
    </failure>
  </testcase> <!-- reportFinanceListPaymentsTestMethod -->
  <testcase name="reportCoreJobReportTestMethod" time="209.117" classname="com.mobiotics.HITSAdmin.tstCases.TC_Report_Core_JobReport_24"/>
  <testcase name="@BeforeTest initApplication" time="0.0" classname="com.mobiotics.HITSAdmin.constants.BaseTest">
    <ignored/>
  </testcase> <!-- @BeforeTest initApplication -->
  <testcase name="@BeforeTest initApplication" time="0.0" classname="com.mobiotics.HITSAdmin.constants.BaseTest">
    <ignored/>
  </testcase> <!-- @BeforeTest initApplication -->
  <testcase name="@BeforeTest initApplication" time="0.0" classname="com.mobiotics.HITSAdmin.constants.BaseTest">
    <ignored/>
  </testcase> <!-- @BeforeTest initApplication -->
  <testcase name="@BeforeTest initApplication" time="0.0" classname="com.mobiotics.HITSAdmin.constants.BaseTest">
    <ignored/>
  </testcase> <!-- @BeforeTest initApplication -->
  <testcase name="@BeforeTest initApplication" time="0.0" classname="com.mobiotics.HITSAdmin.constants.BaseTest">
    <ignored/>
  </testcase> <!-- @BeforeTest initApplication -->
  <testcase name="@BeforeTest initApplication" time="0.0" classname="com.mobiotics.HITSAdmin.constants.BaseTest">
    <ignored/>
  </testcase> <!-- @BeforeTest initApplication -->
  <testcase name="@BeforeTest initApplication" time="0.0" classname="com.mobiotics.HITSAdmin.constants.BaseTest">
    <ignored/>
  </testcase> <!-- @BeforeTest initApplication -->
  <testcase name="@BeforeTest initApplication" time="0.0" classname="com.mobiotics.HITSAdmin.constants.BaseTest">
    <ignored/>
  </testcase> <!-- @BeforeTest initApplication -->
  <testcase name="@BeforeTest initApplication" time="0.0" classname="com.mobiotics.HITSAdmin.constants.BaseTest">
    <ignored/>
  </testcase> <!-- @BeforeTest initApplication -->
  <testcase name="@BeforeTest initApplication" time="0.0" classname="com.mobiotics.HITSAdmin.constants.BaseTest">
    <ignored/>
  </testcase> <!-- @BeforeTest initApplication -->
  <testcase name="@BeforeTest initApplication" time="0.0" classname="com.mobiotics.HITSAdmin.constants.BaseTest">
    <ignored/>
  </testcase> <!-- @BeforeTest initApplication -->
  <testcase name="@BeforeTest initApplication" time="0.0" classname="com.mobiotics.HITSAdmin.constants.BaseTest">
    <ignored/>
  </testcase> <!-- @BeforeTest initApplication -->
  <testcase name="@BeforeTest initApplication" time="0.0" classname="com.mobiotics.HITSAdmin.constants.BaseTest">
    <ignored/>
  </testcase> <!-- @BeforeTest initApplication -->
</testsuite> <!-- Test(failed) -->
