<?xml version="1.0" encoding="UTF-8"?>
<testng-results skipped="0" failed="7" ignored="72" total="109" passed="30">
  <reporter-output>
  </reporter-output>
  <suite name="Suite" duration-ms="930357" started-at="2019-07-01T16:43:55Z" finished-at="2019-07-01T16:59:25Z">
    <groups>
    </groups>
    <test name="Test" duration-ms="930357" started-at="2019-07-01T16:43:55Z" finished-at="2019-07-01T16:59:25Z">
      <class name="com.mobiotics.HITSAdmin.tstCases.TC_Bulk_Activation_BasePack_04">
        <test-method status="PASS" signature="testBulkAddBasePack()[pri:0, instance:com.mobiotics.HITSAdmin.tstCases.TC_Bulk_Activation_BasePack_04@5e57643e]" name="testBulkAddBasePack" duration-ms="11129" started-at="2019-07-01T16:46:10Z" finished-at="2019-07-01T16:46:21Z">
          <reporter-output>
          </reporter-output>
        </test-method> <!-- testBulkAddBasePack -->
      </class> <!-- com.mobiotics.HITSAdmin.tstCases.TC_Bulk_Activation_BasePack_04 -->
      <class name="com.mobiotics.HITSAdmin.tstCases.TC_Bulk_Activation_CreateSubscriber_05">
        <test-method status="PASS" signature="testBulkActivationCreateSubscriber()[pri:0, instance:com.mobiotics.HITSAdmin.tstCases.TC_Bulk_Activation_CreateSubscriber_05@133e16fd]" name="testBulkActivationCreateSubscriber" duration-ms="8143" started-at="2019-07-01T16:46:21Z" finished-at="2019-07-01T16:46:29Z">
          <reporter-output>
          </reporter-output>
        </test-method> <!-- testBulkActivationCreateSubscriber -->
      </class> <!-- com.mobiotics.HITSAdmin.tstCases.TC_Bulk_Activation_CreateSubscriber_05 -->
      <class name="com.mobiotics.HITSAdmin.tstCases.TC_Bulk_Product_Assign_12">
        <test-method status="PASS" signature="testBulkProductAssignMethod()[pri:0, instance:com.mobiotics.HITSAdmin.tstCases.TC_Bulk_Product_Assign_12@2473b9ce]" name="testBulkProductAssignMethod" duration-ms="9484" started-at="2019-07-01T16:47:26Z" finished-at="2019-07-01T16:47:35Z">
          <reporter-output>
          </reporter-output>
        </test-method> <!-- testBulkProductAssignMethod -->
      </class> <!-- com.mobiotics.HITSAdmin.tstCases.TC_Bulk_Product_Assign_12 -->
      <class name="com.mobiotics.HITSAdmin.tstCases.TC_Maintenance">
        <test-method status="FAIL" signature="maintenanceTestMethod()[pri:0, instance:com.mobiotics.HITSAdmin.tstCases.TC_Maintenance@40f08448]" name="maintenanceTestMethod" duration-ms="469" started-at="2019-07-01T16:59:25Z" finished-at="2019-07-01T16:59:25Z">
          <exception class="org.openqa.selenium.WebDriverException">
            <message>
              <![CDATA[unknown error: Element <a class="dropdown-toggle" data-toggle="dropdown" role="button" href="">...</a> is not clickable at point (710, 36). Other element would receive the click: <div class="modal-header">...</div>
  (Session info: chrome=75.0.3770.100)
  (Driver info: chromedriver=2.43.600210 (68dcf5eebde37173d4027fa8635e332711d2874a),platform=Windows NT 10.0.10240 x86_64) (WARNING: The server did not provide any stacktrace information)
Command duration or timeout: 125 milliseconds
Build info: version: '2.53.1', revision: 'a36b8b1cd5757287168e54b817830adce9b0158d', time: '2016-06-30 19:26:09'
System info: host: 'DESKTOP-B0A316T', ip: '192.168.1.153', os.name: 'Windows 10', os.arch: 'amd64', os.version: '10.0', java.version: '1.8.0_201'
Driver info: org.openqa.selenium.chrome.ChromeDriver
Capabilities [{mobileEmulationEnabled=false, hasTouchScreen=false, platform=XP, acceptSslCerts=false, goog:chromeOptions={debuggerAddress=localhost:51405}, acceptInsecureCerts=false, webStorageEnabled=true, browserName=chrome, takesScreenshot=true, javascriptEnabled=true, setWindowRect=true, unexpectedAlertBehaviour=, applicationCacheEnabled=false, rotatable=false, networkConnectionEnabled=false, chrome={chromedriverVersion=2.43.600210 (68dcf5eebde37173d4027fa8635e332711d2874a), userDataDir=C:\Users\Sakshi\AppData\Local\Temp\scoped_dir10328_5157}, takesHeapSnapshot=true, pageLoadStrategy=normal, databaseEnabled=false, handlesAlerts=true, version=75.0.3770.100, browserConnectionEnabled=false, nativeEvents=true, locationContextEnabled=true, cssSelectorsEnabled=true}]
Session ID: a39642b816bb96c7d48db53daaf2e683]]>
            </message>
            <full-stacktrace>
              <![CDATA[org.openqa.selenium.WebDriverException: unknown error: Element <a class="dropdown-toggle" data-toggle="dropdown" role="button" href="">...</a> is not clickable at point (710, 36). Other element would receive the click: <div class="modal-header">...</div>
  (Session info: chrome=75.0.3770.100)
  (Driver info: chromedriver=2.43.600210 (68dcf5eebde37173d4027fa8635e332711d2874a),platform=Windows NT 10.0.10240 x86_64) (WARNING: The server did not provide any stacktrace information)
Command duration or timeout: 125 milliseconds
Build info: version: '2.53.1', revision: 'a36b8b1cd5757287168e54b817830adce9b0158d', time: '2016-06-30 19:26:09'
System info: host: 'DESKTOP-B0A316T', ip: '192.168.1.153', os.name: 'Windows 10', os.arch: 'amd64', os.version: '10.0', java.version: '1.8.0_201'
Driver info: org.openqa.selenium.chrome.ChromeDriver
Capabilities [{mobileEmulationEnabled=false, hasTouchScreen=false, platform=XP, acceptSslCerts=false, goog:chromeOptions={debuggerAddress=localhost:51405}, acceptInsecureCerts=false, webStorageEnabled=true, browserName=chrome, takesScreenshot=true, javascriptEnabled=true, setWindowRect=true, unexpectedAlertBehaviour=, applicationCacheEnabled=false, rotatable=false, networkConnectionEnabled=false, chrome={chromedriverVersion=2.43.600210 (68dcf5eebde37173d4027fa8635e332711d2874a), userDataDir=C:\Users\Sakshi\AppData\Local\Temp\scoped_dir10328_5157}, takesHeapSnapshot=true, pageLoadStrategy=normal, databaseEnabled=false, handlesAlerts=true, version=75.0.3770.100, browserConnectionEnabled=false, nativeEvents=true, locationContextEnabled=true, cssSelectorsEnabled=true}]
Session ID: a39642b816bb96c7d48db53daaf2e683
at sun.reflect.NativeConstructorAccessorImpl.newInstance0(Native Method)
at sun.reflect.NativeConstructorAccessorImpl.newInstance(Unknown Source)
at sun.reflect.DelegatingConstructorAccessorImpl.newInstance(Unknown Source)
at java.lang.reflect.Constructor.newInstance(Unknown Source)
at org.openqa.selenium.remote.ErrorHandler.createThrowable(ErrorHandler.java:206)
at org.openqa.selenium.remote.ErrorHandler.throwIfResponseFailed(ErrorHandler.java:158)
at org.openqa.selenium.remote.RemoteWebDriver.execute(RemoteWebDriver.java:678)
at org.openqa.selenium.remote.RemoteWebElement.execute(RemoteWebElement.java:327)
at org.openqa.selenium.remote.RemoteWebElement.click(RemoteWebElement.java:85)
at sun.reflect.GeneratedMethodAccessor8.invoke(Unknown Source)
at sun.reflect.DelegatingMethodAccessorImpl.invoke(Unknown Source)
at java.lang.reflect.Method.invoke(Unknown Source)
at org.openqa.selenium.support.pagefactory.internal.LocatingElementHandler.invoke(LocatingElementHandler.java:51)
at com.sun.proxy.$Proxy7.click(Unknown Source)
at com.mobiotics.HITSAdmin.commonpages.HomePage.navigateToMaintenancePage(HomePage.java:457)
at com.mobiotics.HITSAdmin.tstCases.TC_Maintenance.maintenanceTestMethod(TC_Maintenance.java:15)
at sun.reflect.NativeMethodAccessorImpl.invoke0(Native Method)
at sun.reflect.NativeMethodAccessorImpl.invoke(Unknown Source)
at sun.reflect.DelegatingMethodAccessorImpl.invoke(Unknown Source)
at java.lang.reflect.Method.invoke(Unknown Source)
at org.testng.internal.MethodInvocationHelper.invokeMethod(MethodInvocationHelper.java:124)
at org.testng.internal.Invoker.invokeMethod(Invoker.java:583)
at org.testng.internal.Invoker.invokeTestMethod(Invoker.java:719)
at org.testng.internal.Invoker.invokeTestMethods(Invoker.java:989)
at org.testng.internal.TestMethodWorker.invokeTestMethods(TestMethodWorker.java:125)
at org.testng.internal.TestMethodWorker.run(TestMethodWorker.java:109)
at org.testng.TestRunner.privateRun(TestRunner.java:648)
at org.testng.TestRunner.run(TestRunner.java:505)
at org.testng.SuiteRunner.runTest(SuiteRunner.java:455)
at org.testng.SuiteRunner.runSequentially(SuiteRunner.java:450)
at org.testng.SuiteRunner.privateRun(SuiteRunner.java:415)
at org.testng.SuiteRunner.run(SuiteRunner.java:364)
at org.testng.SuiteRunnerWorker.runSuite(SuiteRunnerWorker.java:52)
at org.testng.SuiteRunnerWorker.run(SuiteRunnerWorker.java:84)
at org.testng.TestNG.runSuitesSequentially(TestNG.java:1208)
at org.testng.TestNG.runSuitesLocally(TestNG.java:1137)
at org.testng.TestNG.runSuites(TestNG.java:1049)
at org.testng.TestNG.run(TestNG.java:1017)
at org.testng.remote.AbstractRemoteTestNG.run(AbstractRemoteTestNG.java:115)
at org.testng.remote.RemoteTestNG.initAndRun(RemoteTestNG.java:251)
at org.testng.remote.RemoteTestNG.main(RemoteTestNG.java:77)
]]>
            </full-stacktrace>
          </exception> <!-- org.openqa.selenium.WebDriverException -->
          <reporter-output>
          </reporter-output>
        </test-method> <!-- maintenanceTestMethod -->
      </class> <!-- com.mobiotics.HITSAdmin.tstCases.TC_Maintenance -->
      <class name="com.mobiotics.HITSAdmin.tstCases.TC_Report_Core_ListActivations_22">
        <test-method status="PASS" signature="reportCoreActivationsTestMethod()[pri:0, instance:com.mobiotics.HITSAdmin.tstCases.TC_Report_Core_ListActivations_22@2bea5ab4]" name="reportCoreActivationsTestMethod" duration-ms="46345" started-at="2019-07-01T16:50:16Z" finished-at="2019-07-01T16:51:03Z">
          <reporter-output>
          </reporter-output>
        </test-method> <!-- reportCoreActivationsTestMethod -->
      </class> <!-- com.mobiotics.HITSAdmin.tstCases.TC_Report_Core_ListActivations_22 -->
      <class name="com.mobiotics.HITSAdmin.tstCases.TC_Report_Core_ListSuspension_23">
        <test-method status="PASS" signature="reportCoreListSuspensionTestMethod()[pri:0, instance:com.mobiotics.HITSAdmin.tstCases.TC_Report_Core_ListSuspension_23@3d8314f0]" name="reportCoreListSuspensionTestMethod" duration-ms="28643" started-at="2019-07-01T16:51:03Z" finished-at="2019-07-01T16:51:31Z">
          <reporter-output>
          </reporter-output>
        </test-method> <!-- reportCoreListSuspensionTestMethod -->
      </class> <!-- com.mobiotics.HITSAdmin.tstCases.TC_Report_Core_ListSuspension_23 -->
      <class name="com.mobiotics.HITSAdmin.tstCases.TC_SetDueDate_31">
        <test-method status="FAIL" signature="testSetDueDateMethod()[pri:0, instance:com.mobiotics.HITSAdmin.tstCases.TC_SetDueDate_31@1188e820]" name="testSetDueDateMethod" duration-ms="479" started-at="2019-07-01T16:59:23Z" finished-at="2019-07-01T16:59:24Z">
          <exception class="org.openqa.selenium.WebDriverException">
            <message>
              <![CDATA[unknown error: Element <a class="dropdown-toggle" data-toggle="dropdown" role="button" href="">...</a> is not clickable at point (906, 36). Other element would receive the click: <div class="modal-header">...</div>
  (Session info: chrome=75.0.3770.100)
  (Driver info: chromedriver=2.43.600210 (68dcf5eebde37173d4027fa8635e332711d2874a),platform=Windows NT 10.0.10240 x86_64) (WARNING: The server did not provide any stacktrace information)
Command duration or timeout: 276 milliseconds
Build info: version: '2.53.1', revision: 'a36b8b1cd5757287168e54b817830adce9b0158d', time: '2016-06-30 19:26:09'
System info: host: 'DESKTOP-B0A316T', ip: '192.168.1.153', os.name: 'Windows 10', os.arch: 'amd64', os.version: '10.0', java.version: '1.8.0_201'
Driver info: org.openqa.selenium.chrome.ChromeDriver
Capabilities [{mobileEmulationEnabled=false, hasTouchScreen=false, platform=XP, acceptSslCerts=false, goog:chromeOptions={debuggerAddress=localhost:51405}, acceptInsecureCerts=false, webStorageEnabled=true, browserName=chrome, takesScreenshot=true, javascriptEnabled=true, setWindowRect=true, unexpectedAlertBehaviour=, applicationCacheEnabled=false, rotatable=false, networkConnectionEnabled=false, chrome={chromedriverVersion=2.43.600210 (68dcf5eebde37173d4027fa8635e332711d2874a), userDataDir=C:\Users\Sakshi\AppData\Local\Temp\scoped_dir10328_5157}, takesHeapSnapshot=true, pageLoadStrategy=normal, databaseEnabled=false, handlesAlerts=true, version=75.0.3770.100, browserConnectionEnabled=false, nativeEvents=true, locationContextEnabled=true, cssSelectorsEnabled=true}]
Session ID: a39642b816bb96c7d48db53daaf2e683]]>
            </message>
            <full-stacktrace>
              <![CDATA[org.openqa.selenium.WebDriverException: unknown error: Element <a class="dropdown-toggle" data-toggle="dropdown" role="button" href="">...</a> is not clickable at point (906, 36). Other element would receive the click: <div class="modal-header">...</div>
  (Session info: chrome=75.0.3770.100)
  (Driver info: chromedriver=2.43.600210 (68dcf5eebde37173d4027fa8635e332711d2874a),platform=Windows NT 10.0.10240 x86_64) (WARNING: The server did not provide any stacktrace information)
Command duration or timeout: 276 milliseconds
Build info: version: '2.53.1', revision: 'a36b8b1cd5757287168e54b817830adce9b0158d', time: '2016-06-30 19:26:09'
System info: host: 'DESKTOP-B0A316T', ip: '192.168.1.153', os.name: 'Windows 10', os.arch: 'amd64', os.version: '10.0', java.version: '1.8.0_201'
Driver info: org.openqa.selenium.chrome.ChromeDriver
Capabilities [{mobileEmulationEnabled=false, hasTouchScreen=false, platform=XP, acceptSslCerts=false, goog:chromeOptions={debuggerAddress=localhost:51405}, acceptInsecureCerts=false, webStorageEnabled=true, browserName=chrome, takesScreenshot=true, javascriptEnabled=true, setWindowRect=true, unexpectedAlertBehaviour=, applicationCacheEnabled=false, rotatable=false, networkConnectionEnabled=false, chrome={chromedriverVersion=2.43.600210 (68dcf5eebde37173d4027fa8635e332711d2874a), userDataDir=C:\Users\Sakshi\AppData\Local\Temp\scoped_dir10328_5157}, takesHeapSnapshot=true, pageLoadStrategy=normal, databaseEnabled=false, handlesAlerts=true, version=75.0.3770.100, browserConnectionEnabled=false, nativeEvents=true, locationContextEnabled=true, cssSelectorsEnabled=true}]
Session ID: a39642b816bb96c7d48db53daaf2e683
at sun.reflect.NativeConstructorAccessorImpl.newInstance0(Native Method)
at sun.reflect.NativeConstructorAccessorImpl.newInstance(Unknown Source)
at sun.reflect.DelegatingConstructorAccessorImpl.newInstance(Unknown Source)
at java.lang.reflect.Constructor.newInstance(Unknown Source)
at org.openqa.selenium.remote.ErrorHandler.createThrowable(ErrorHandler.java:206)
at org.openqa.selenium.remote.ErrorHandler.throwIfResponseFailed(ErrorHandler.java:158)
at org.openqa.selenium.remote.RemoteWebDriver.execute(RemoteWebDriver.java:678)
at org.openqa.selenium.remote.RemoteWebElement.execute(RemoteWebElement.java:327)
at org.openqa.selenium.remote.RemoteWebElement.click(RemoteWebElement.java:85)
at sun.reflect.GeneratedMethodAccessor8.invoke(Unknown Source)
at sun.reflect.DelegatingMethodAccessorImpl.invoke(Unknown Source)
at java.lang.reflect.Method.invoke(Unknown Source)
at org.openqa.selenium.support.pagefactory.internal.LocatingElementHandler.invoke(LocatingElementHandler.java:51)
at com.sun.proxy.$Proxy7.click(Unknown Source)
at com.mobiotics.HITSAdmin.commonpages.HomePage.navigateToSetDueDatePage(HomePage.java:123)
at com.mobiotics.HITSAdmin.tstCases.TC_SetDueDate_31.testSetDueDateMethod(TC_SetDueDate_31.java:14)
at sun.reflect.NativeMethodAccessorImpl.invoke0(Native Method)
at sun.reflect.NativeMethodAccessorImpl.invoke(Unknown Source)
at sun.reflect.DelegatingMethodAccessorImpl.invoke(Unknown Source)
at java.lang.reflect.Method.invoke(Unknown Source)
at org.testng.internal.MethodInvocationHelper.invokeMethod(MethodInvocationHelper.java:124)
at org.testng.internal.Invoker.invokeMethod(Invoker.java:583)
at org.testng.internal.Invoker.invokeTestMethod(Invoker.java:719)
at org.testng.internal.Invoker.invokeTestMethods(Invoker.java:989)
at org.testng.internal.TestMethodWorker.invokeTestMethods(TestMethodWorker.java:125)
at org.testng.internal.TestMethodWorker.run(TestMethodWorker.java:109)
at org.testng.TestRunner.privateRun(TestRunner.java:648)
at org.testng.TestRunner.run(TestRunner.java:505)
at org.testng.SuiteRunner.runTest(SuiteRunner.java:455)
at org.testng.SuiteRunner.runSequentially(SuiteRunner.java:450)
at org.testng.SuiteRunner.privateRun(SuiteRunner.java:415)
at org.testng.SuiteRunner.run(SuiteRunner.java:364)
at org.testng.SuiteRunnerWorker.runSuite(SuiteRunnerWorker.java:52)
at org.testng.SuiteRunnerWorker.run(SuiteRunnerWorker.java:84)
at org.testng.TestNG.runSuitesSequentially(TestNG.java:1208)
at org.testng.TestNG.runSuitesLocally(TestNG.java:1137)
at org.testng.TestNG.runSuites(TestNG.java:1049)
at org.testng.TestNG.run(TestNG.java:1017)
at org.testng.remote.AbstractRemoteTestNG.run(AbstractRemoteTestNG.java:115)
at org.testng.remote.RemoteTestNG.initAndRun(RemoteTestNG.java:251)
at org.testng.remote.RemoteTestNG.main(RemoteTestNG.java:77)
]]>
            </full-stacktrace>
          </exception> <!-- org.openqa.selenium.WebDriverException -->
          <reporter-output>
          </reporter-output>
        </test-method> <!-- testSetDueDateMethod -->
      </class> <!-- com.mobiotics.HITSAdmin.tstCases.TC_SetDueDate_31 -->
      <class name="com.mobiotics.HITSAdmin.tstCases.TC_OperatorsMSO_02">
        <test-method status="PASS" signature="operatorsTestMethod()[pri:0, instance:com.mobiotics.HITSAdmin.tstCases.TC_OperatorsMSO_02@4f51b3e0]" name="operatorsTestMethod" duration-ms="34517" started-at="2019-07-01T16:44:59Z" finished-at="2019-07-01T16:45:34Z">
          <reporter-output>
          </reporter-output>
        </test-method> <!-- operatorsTestMethod -->
      </class> <!-- com.mobiotics.HITSAdmin.tstCases.TC_OperatorsMSO_02 -->
      <class name="com.mobiotics.HITSAdmin.tstCases.TC_Report_Core_ListCustomer_19">
        <test-method status="PASS" signature="reportCoreListCustomerTestMethod()[pri:0, instance:com.mobiotics.HITSAdmin.tstCases.TC_Report_Core_ListCustomer_19@6c9f5c0d]" name="reportCoreListCustomerTestMethod" duration-ms="43039" started-at="2019-07-01T16:48:36Z" finished-at="2019-07-01T16:49:20Z">
          <reporter-output>
          </reporter-output>
        </test-method> <!-- reportCoreListCustomerTestMethod -->
      </class> <!-- com.mobiotics.HITSAdmin.tstCases.TC_Report_Core_ListCustomer_19 -->
      <class name="com.mobiotics.HITSAdmin.tstCases.TC_Bulk_Finance_PayBills_15">
        <test-method status="PASS" signature="bulkFinancePayBillsTestMethod()[pri:0, instance:com.mobiotics.HITSAdmin.tstCases.TC_Bulk_Finance_PayBills_15@3439f68d]" name="bulkFinancePayBillsTestMethod" duration-ms="9437" started-at="2019-07-01T16:47:59Z" finished-at="2019-07-01T16:48:08Z">
          <reporter-output>
          </reporter-output>
        </test-method> <!-- bulkFinancePayBillsTestMethod -->
      </class> <!-- com.mobiotics.HITSAdmin.tstCases.TC_Bulk_Finance_PayBills_15 -->
      <class name="com.mobiotics.HITSAdmin.tstCases.TC_SubuserModifySubuser_33">
        <test-method status="FAIL" signature="testModifySubuserTest()[pri:0, instance:com.mobiotics.HITSAdmin.tstCases.TC_SubuserModifySubuser_33@101df177]" name="testModifySubuserTest" duration-ms="216" started-at="2019-07-01T16:59:24Z" finished-at="2019-07-01T16:59:24Z">
          <exception class="org.openqa.selenium.WebDriverException">
            <message>
              <![CDATA[unknown error: Element <a class="dropdown-toggle" data-toggle="dropdown" role="button" href="">...</a> is not clickable at point (1003, 36). Other element would receive the click: <div class="modal fade modal-error in" id="info-modal" tabindex="-1" role="dialog" aria-labelledby="myModalLabel" aria-hidden="false" style="display: block;">...</div>
  (Session info: chrome=75.0.3770.100)
  (Driver info: chromedriver=2.43.600210 (68dcf5eebde37173d4027fa8635e332711d2874a),platform=Windows NT 10.0.10240 x86_64) (WARNING: The server did not provide any stacktrace information)
Command duration or timeout: 78 milliseconds
Build info: version: '2.53.1', revision: 'a36b8b1cd5757287168e54b817830adce9b0158d', time: '2016-06-30 19:26:09'
System info: host: 'DESKTOP-B0A316T', ip: '192.168.1.153', os.name: 'Windows 10', os.arch: 'amd64', os.version: '10.0', java.version: '1.8.0_201'
Driver info: org.openqa.selenium.chrome.ChromeDriver
Capabilities [{mobileEmulationEnabled=false, hasTouchScreen=false, platform=XP, acceptSslCerts=false, goog:chromeOptions={debuggerAddress=localhost:51405}, acceptInsecureCerts=false, webStorageEnabled=true, browserName=chrome, takesScreenshot=true, javascriptEnabled=true, setWindowRect=true, unexpectedAlertBehaviour=, applicationCacheEnabled=false, rotatable=false, networkConnectionEnabled=false, chrome={chromedriverVersion=2.43.600210 (68dcf5eebde37173d4027fa8635e332711d2874a), userDataDir=C:\Users\Sakshi\AppData\Local\Temp\scoped_dir10328_5157}, takesHeapSnapshot=true, pageLoadStrategy=normal, databaseEnabled=false, handlesAlerts=true, version=75.0.3770.100, browserConnectionEnabled=false, nativeEvents=true, locationContextEnabled=true, cssSelectorsEnabled=true}]
Session ID: a39642b816bb96c7d48db53daaf2e683]]>
            </message>
            <full-stacktrace>
              <![CDATA[org.openqa.selenium.WebDriverException: unknown error: Element <a class="dropdown-toggle" data-toggle="dropdown" role="button" href="">...</a> is not clickable at point (1003, 36). Other element would receive the click: <div class="modal fade modal-error in" id="info-modal" tabindex="-1" role="dialog" aria-labelledby="myModalLabel" aria-hidden="false" style="display: block;">...</div>
  (Session info: chrome=75.0.3770.100)
  (Driver info: chromedriver=2.43.600210 (68dcf5eebde37173d4027fa8635e332711d2874a),platform=Windows NT 10.0.10240 x86_64) (WARNING: The server did not provide any stacktrace information)
Command duration or timeout: 78 milliseconds
Build info: version: '2.53.1', revision: 'a36b8b1cd5757287168e54b817830adce9b0158d', time: '2016-06-30 19:26:09'
System info: host: 'DESKTOP-B0A316T', ip: '192.168.1.153', os.name: 'Windows 10', os.arch: 'amd64', os.version: '10.0', java.version: '1.8.0_201'
Driver info: org.openqa.selenium.chrome.ChromeDriver
Capabilities [{mobileEmulationEnabled=false, hasTouchScreen=false, platform=XP, acceptSslCerts=false, goog:chromeOptions={debuggerAddress=localhost:51405}, acceptInsecureCerts=false, webStorageEnabled=true, browserName=chrome, takesScreenshot=true, javascriptEnabled=true, setWindowRect=true, unexpectedAlertBehaviour=, applicationCacheEnabled=false, rotatable=false, networkConnectionEnabled=false, chrome={chromedriverVersion=2.43.600210 (68dcf5eebde37173d4027fa8635e332711d2874a), userDataDir=C:\Users\Sakshi\AppData\Local\Temp\scoped_dir10328_5157}, takesHeapSnapshot=true, pageLoadStrategy=normal, databaseEnabled=false, handlesAlerts=true, version=75.0.3770.100, browserConnectionEnabled=false, nativeEvents=true, locationContextEnabled=true, cssSelectorsEnabled=true}]
Session ID: a39642b816bb96c7d48db53daaf2e683
at sun.reflect.NativeConstructorAccessorImpl.newInstance0(Native Method)
at sun.reflect.NativeConstructorAccessorImpl.newInstance(Unknown Source)
at sun.reflect.DelegatingConstructorAccessorImpl.newInstance(Unknown Source)
at java.lang.reflect.Constructor.newInstance(Unknown Source)
at org.openqa.selenium.remote.ErrorHandler.createThrowable(ErrorHandler.java:206)
at org.openqa.selenium.remote.ErrorHandler.throwIfResponseFailed(ErrorHandler.java:158)
at org.openqa.selenium.remote.RemoteWebDriver.execute(RemoteWebDriver.java:678)
at org.openqa.selenium.remote.RemoteWebElement.execute(RemoteWebElement.java:327)
at org.openqa.selenium.remote.RemoteWebElement.click(RemoteWebElement.java:85)
at sun.reflect.GeneratedMethodAccessor8.invoke(Unknown Source)
at sun.reflect.DelegatingMethodAccessorImpl.invoke(Unknown Source)
at java.lang.reflect.Method.invoke(Unknown Source)
at org.openqa.selenium.support.pagefactory.internal.LocatingElementHandler.invoke(LocatingElementHandler.java:51)
at com.sun.proxy.$Proxy7.click(Unknown Source)
at com.mobiotics.HITSAdmin.commonpages.HomePage.navigateToModifySubuserPage(HomePage.java:141)
at com.mobiotics.HITSAdmin.tstCases.TC_SubuserModifySubuser_33.testModifySubuserTest(TC_SubuserModifySubuser_33.java:14)
at sun.reflect.NativeMethodAccessorImpl.invoke0(Native Method)
at sun.reflect.NativeMethodAccessorImpl.invoke(Unknown Source)
at sun.reflect.DelegatingMethodAccessorImpl.invoke(Unknown Source)
at java.lang.reflect.Method.invoke(Unknown Source)
at org.testng.internal.MethodInvocationHelper.invokeMethod(MethodInvocationHelper.java:124)
at org.testng.internal.Invoker.invokeMethod(Invoker.java:583)
at org.testng.internal.Invoker.invokeTestMethod(Invoker.java:719)
at org.testng.internal.Invoker.invokeTestMethods(Invoker.java:989)
at org.testng.internal.TestMethodWorker.invokeTestMethods(TestMethodWorker.java:125)
at org.testng.internal.TestMethodWorker.run(TestMethodWorker.java:109)
at org.testng.TestRunner.privateRun(TestRunner.java:648)
at org.testng.TestRunner.run(TestRunner.java:505)
at org.testng.SuiteRunner.runTest(SuiteRunner.java:455)
at org.testng.SuiteRunner.runSequentially(SuiteRunner.java:450)
at org.testng.SuiteRunner.privateRun(SuiteRunner.java:415)
at org.testng.SuiteRunner.run(SuiteRunner.java:364)
at org.testng.SuiteRunnerWorker.runSuite(SuiteRunnerWorker.java:52)
at org.testng.SuiteRunnerWorker.run(SuiteRunnerWorker.java:84)
at org.testng.TestNG.runSuitesSequentially(TestNG.java:1208)
at org.testng.TestNG.runSuitesLocally(TestNG.java:1137)
at org.testng.TestNG.runSuites(TestNG.java:1049)
at org.testng.TestNG.run(TestNG.java:1017)
at org.testng.remote.AbstractRemoteTestNG.run(AbstractRemoteTestNG.java:115)
at org.testng.remote.RemoteTestNG.initAndRun(RemoteTestNG.java:251)
at org.testng.remote.RemoteTestNG.main(RemoteTestNG.java:77)
]]>
            </full-stacktrace>
          </exception> <!-- org.openqa.selenium.WebDriverException -->
          <reporter-output>
          </reporter-output>
        </test-method> <!-- testModifySubuserTest -->
      </class> <!-- com.mobiotics.HITSAdmin.tstCases.TC_SubuserModifySubuser_33 -->
      <class name="com.mobiotics.HITSAdmin.tstCases.TC_Report_Core_Product_Assignment_24">
        <test-method status="PASS" signature="reportCoreProductAssignmentTestMethod()[pri:0, instance:com.mobiotics.HITSAdmin.tstCases.TC_Report_Core_Product_Assignment_24@2df32bf7]" name="reportCoreProductAssignmentTestMethod" duration-ms="31145" started-at="2019-07-01T16:51:31Z" finished-at="2019-07-01T16:52:03Z">
          <reporter-output>
          </reporter-output>
        </test-method> <!-- reportCoreProductAssignmentTestMethod -->
      </class> <!-- com.mobiotics.HITSAdmin.tstCases.TC_Report_Core_Product_Assignment_24 -->
      <class name="com.mobiotics.HITSAdmin.tstCases.TC_Report_Core_ListDevices_20">
        <test-method status="PASS" signature="reportCoreListDevicesTestMethod()[pri:0, instance:com.mobiotics.HITSAdmin.tstCases.TC_Report_Core_ListDevices_20@de3a06f]" name="reportCoreListDevicesTestMethod" duration-ms="40318" started-at="2019-07-01T16:49:20Z" finished-at="2019-07-01T16:50:00Z">
          <reporter-output>
          </reporter-output>
        </test-method> <!-- reportCoreListDevicesTestMethod -->
      </class> <!-- com.mobiotics.HITSAdmin.tstCases.TC_Report_Core_ListDevices_20 -->
      <class name="com.mobiotics.HITSAdmin.tstCases.TC_Report_Finance_PayBills_28">
        <test-method status="PASS" signature="reportFinancePayBillsTestMethod()[pri:0, instance:com.mobiotics.HITSAdmin.tstCases.TC_Report_Finance_PayBills_28@58a90037]" name="reportFinancePayBillsTestMethod" duration-ms="31811" started-at="2019-07-01T16:55:15Z" finished-at="2019-07-01T16:55:47Z">
          <reporter-output>
          </reporter-output>
        </test-method> <!-- reportFinancePayBillsTestMethod -->
      </class> <!-- com.mobiotics.HITSAdmin.tstCases.TC_Report_Finance_PayBills_28 -->
      <class name="com.mobiotics.HITSAdmin.tstCases.TC_BanksListBanks_34">
        <test-method status="FAIL" signature="testListBanksMethod()[pri:0, instance:com.mobiotics.HITSAdmin.tstCases.TC_BanksListBanks_34@166fa74d]" name="testListBanksMethod" duration-ms="329" started-at="2019-07-01T16:59:24Z" finished-at="2019-07-01T16:59:25Z">
          <exception class="org.openqa.selenium.WebDriverException">
            <message>
              <![CDATA[unknown error: Element <a class="dropdown-toggle" data-toggle="dropdown" role="button" href="#">...</a> is not clickable at point (1096, 36). Other element would receive the click: <div class="modal fade modal-error in" id="info-modal" tabindex="-1" role="dialog" aria-labelledby="myModalLabel" aria-hidden="false" style="display: block;">...</div>
  (Session info: chrome=75.0.3770.100)
  (Driver info: chromedriver=2.43.600210 (68dcf5eebde37173d4027fa8635e332711d2874a),platform=Windows NT 10.0.10240 x86_64) (WARNING: The server did not provide any stacktrace information)
Command duration or timeout: 125 milliseconds
Build info: version: '2.53.1', revision: 'a36b8b1cd5757287168e54b817830adce9b0158d', time: '2016-06-30 19:26:09'
System info: host: 'DESKTOP-B0A316T', ip: '192.168.1.153', os.name: 'Windows 10', os.arch: 'amd64', os.version: '10.0', java.version: '1.8.0_201'
Driver info: org.openqa.selenium.chrome.ChromeDriver
Capabilities [{mobileEmulationEnabled=false, hasTouchScreen=false, platform=XP, acceptSslCerts=false, goog:chromeOptions={debuggerAddress=localhost:51405}, acceptInsecureCerts=false, webStorageEnabled=true, browserName=chrome, takesScreenshot=true, javascriptEnabled=true, setWindowRect=true, unexpectedAlertBehaviour=, applicationCacheEnabled=false, rotatable=false, networkConnectionEnabled=false, chrome={chromedriverVersion=2.43.600210 (68dcf5eebde37173d4027fa8635e332711d2874a), userDataDir=C:\Users\Sakshi\AppData\Local\Temp\scoped_dir10328_5157}, takesHeapSnapshot=true, pageLoadStrategy=normal, databaseEnabled=false, handlesAlerts=true, version=75.0.3770.100, browserConnectionEnabled=false, nativeEvents=true, locationContextEnabled=true, cssSelectorsEnabled=true}]
Session ID: a39642b816bb96c7d48db53daaf2e683]]>
            </message>
            <full-stacktrace>
              <![CDATA[org.openqa.selenium.WebDriverException: unknown error: Element <a class="dropdown-toggle" data-toggle="dropdown" role="button" href="#">...</a> is not clickable at point (1096, 36). Other element would receive the click: <div class="modal fade modal-error in" id="info-modal" tabindex="-1" role="dialog" aria-labelledby="myModalLabel" aria-hidden="false" style="display: block;">...</div>
  (Session info: chrome=75.0.3770.100)
  (Driver info: chromedriver=2.43.600210 (68dcf5eebde37173d4027fa8635e332711d2874a),platform=Windows NT 10.0.10240 x86_64) (WARNING: The server did not provide any stacktrace information)
Command duration or timeout: 125 milliseconds
Build info: version: '2.53.1', revision: 'a36b8b1cd5757287168e54b817830adce9b0158d', time: '2016-06-30 19:26:09'
System info: host: 'DESKTOP-B0A316T', ip: '192.168.1.153', os.name: 'Windows 10', os.arch: 'amd64', os.version: '10.0', java.version: '1.8.0_201'
Driver info: org.openqa.selenium.chrome.ChromeDriver
Capabilities [{mobileEmulationEnabled=false, hasTouchScreen=false, platform=XP, acceptSslCerts=false, goog:chromeOptions={debuggerAddress=localhost:51405}, acceptInsecureCerts=false, webStorageEnabled=true, browserName=chrome, takesScreenshot=true, javascriptEnabled=true, setWindowRect=true, unexpectedAlertBehaviour=, applicationCacheEnabled=false, rotatable=false, networkConnectionEnabled=false, chrome={chromedriverVersion=2.43.600210 (68dcf5eebde37173d4027fa8635e332711d2874a), userDataDir=C:\Users\Sakshi\AppData\Local\Temp\scoped_dir10328_5157}, takesHeapSnapshot=true, pageLoadStrategy=normal, databaseEnabled=false, handlesAlerts=true, version=75.0.3770.100, browserConnectionEnabled=false, nativeEvents=true, locationContextEnabled=true, cssSelectorsEnabled=true}]
Session ID: a39642b816bb96c7d48db53daaf2e683
at sun.reflect.NativeConstructorAccessorImpl.newInstance0(Native Method)
at sun.reflect.NativeConstructorAccessorImpl.newInstance(Unknown Source)
at sun.reflect.DelegatingConstructorAccessorImpl.newInstance(Unknown Source)
at java.lang.reflect.Constructor.newInstance(Unknown Source)
at org.openqa.selenium.remote.ErrorHandler.createThrowable(ErrorHandler.java:206)
at org.openqa.selenium.remote.ErrorHandler.throwIfResponseFailed(ErrorHandler.java:158)
at org.openqa.selenium.remote.RemoteWebDriver.execute(RemoteWebDriver.java:678)
at org.openqa.selenium.remote.RemoteWebElement.execute(RemoteWebElement.java:327)
at org.openqa.selenium.remote.RemoteWebElement.click(RemoteWebElement.java:85)
at sun.reflect.GeneratedMethodAccessor8.invoke(Unknown Source)
at sun.reflect.DelegatingMethodAccessorImpl.invoke(Unknown Source)
at java.lang.reflect.Method.invoke(Unknown Source)
at org.openqa.selenium.support.pagefactory.internal.LocatingElementHandler.invoke(LocatingElementHandler.java:51)
at com.sun.proxy.$Proxy7.click(Unknown Source)
at com.mobiotics.HITSAdmin.commonpages.HomePage.navigateToListBanksPage(HomePage.java:150)
at com.mobiotics.HITSAdmin.tstCases.TC_BanksListBanks_34.testListBanksMethod(TC_BanksListBanks_34.java:14)
at sun.reflect.NativeMethodAccessorImpl.invoke0(Native Method)
at sun.reflect.NativeMethodAccessorImpl.invoke(Unknown Source)
at sun.reflect.DelegatingMethodAccessorImpl.invoke(Unknown Source)
at java.lang.reflect.Method.invoke(Unknown Source)
at org.testng.internal.MethodInvocationHelper.invokeMethod(MethodInvocationHelper.java:124)
at org.testng.internal.Invoker.invokeMethod(Invoker.java:583)
at org.testng.internal.Invoker.invokeTestMethod(Invoker.java:719)
at org.testng.internal.Invoker.invokeTestMethods(Invoker.java:989)
at org.testng.internal.TestMethodWorker.invokeTestMethods(TestMethodWorker.java:125)
at org.testng.internal.TestMethodWorker.run(TestMethodWorker.java:109)
at org.testng.TestRunner.privateRun(TestRunner.java:648)
at org.testng.TestRunner.run(TestRunner.java:505)
at org.testng.SuiteRunner.runTest(SuiteRunner.java:455)
at org.testng.SuiteRunner.runSequentially(SuiteRunner.java:450)
at org.testng.SuiteRunner.privateRun(SuiteRunner.java:415)
at org.testng.SuiteRunner.run(SuiteRunner.java:364)
at org.testng.SuiteRunnerWorker.runSuite(SuiteRunnerWorker.java:52)
at org.testng.SuiteRunnerWorker.run(SuiteRunnerWorker.java:84)
at org.testng.TestNG.runSuitesSequentially(TestNG.java:1208)
at org.testng.TestNG.runSuitesLocally(TestNG.java:1137)
at org.testng.TestNG.runSuites(TestNG.java:1049)
at org.testng.TestNG.run(TestNG.java:1017)
at org.testng.remote.AbstractRemoteTestNG.run(AbstractRemoteTestNG.java:115)
at org.testng.remote.RemoteTestNG.initAndRun(RemoteTestNG.java:251)
at org.testng.remote.RemoteTestNG.main(RemoteTestNG.java:77)
]]>
            </full-stacktrace>
          </exception> <!-- org.openqa.selenium.WebDriverException -->
          <reporter-output>
          </reporter-output>
        </test-method> <!-- testListBanksMethod -->
      </class> <!-- com.mobiotics.HITSAdmin.tstCases.TC_BanksListBanks_34 -->
      <class name="com.mobiotics.HITSAdmin.tstCases.TC_MessageListMessage_30">
        <test-method status="FAIL" signature="testListMessageMethod()[pri:0, instance:com.mobiotics.HITSAdmin.tstCases.TC_MessageListMessage_30@70a9f84e]" name="testListMessageMethod" duration-ms="76552" started-at="2019-07-01T16:58:06Z" finished-at="2019-07-01T16:59:23Z">
          <exception class="org.openqa.selenium.WebDriverException">
            <message>
              <![CDATA[unknown error: Element <button type="button" class="btn btn-default" data-dismiss="modal">...</button> is not clickable at point (860, 446). Other element would receive the click: <div class="modal fade modal-error in" id="info-modal" tabindex="-1" role="dialog" aria-labelledby="myModalLabel" aria-hidden="false" style="display: block;">...</div>
  (Session info: chrome=75.0.3770.100)
  (Driver info: chromedriver=2.43.600210 (68dcf5eebde37173d4027fa8635e332711d2874a),platform=Windows NT 10.0.10240 x86_64) (WARNING: The server did not provide any stacktrace information)
Command duration or timeout: 141 milliseconds
Build info: version: '2.53.1', revision: 'a36b8b1cd5757287168e54b817830adce9b0158d', time: '2016-06-30 19:26:09'
System info: host: 'DESKTOP-B0A316T', ip: '192.168.1.153', os.name: 'Windows 10', os.arch: 'amd64', os.version: '10.0', java.version: '1.8.0_201'
Driver info: org.openqa.selenium.chrome.ChromeDriver
Capabilities [{mobileEmulationEnabled=false, hasTouchScreen=false, platform=XP, acceptSslCerts=false, goog:chromeOptions={debuggerAddress=localhost:51405}, acceptInsecureCerts=false, webStorageEnabled=true, browserName=chrome, takesScreenshot=true, javascriptEnabled=true, setWindowRect=true, unexpectedAlertBehaviour=, applicationCacheEnabled=false, rotatable=false, networkConnectionEnabled=false, chrome={chromedriverVersion=2.43.600210 (68dcf5eebde37173d4027fa8635e332711d2874a), userDataDir=C:\Users\Sakshi\AppData\Local\Temp\scoped_dir10328_5157}, takesHeapSnapshot=true, pageLoadStrategy=normal, databaseEnabled=false, handlesAlerts=true, version=75.0.3770.100, browserConnectionEnabled=false, nativeEvents=true, locationContextEnabled=true, cssSelectorsEnabled=true}]
Session ID: a39642b816bb96c7d48db53daaf2e683]]>
            </message>
            <full-stacktrace>
              <![CDATA[org.openqa.selenium.WebDriverException: unknown error: Element <button type="button" class="btn btn-default" data-dismiss="modal">...</button> is not clickable at point (860, 446). Other element would receive the click: <div class="modal fade modal-error in" id="info-modal" tabindex="-1" role="dialog" aria-labelledby="myModalLabel" aria-hidden="false" style="display: block;">...</div>
  (Session info: chrome=75.0.3770.100)
  (Driver info: chromedriver=2.43.600210 (68dcf5eebde37173d4027fa8635e332711d2874a),platform=Windows NT 10.0.10240 x86_64) (WARNING: The server did not provide any stacktrace information)
Command duration or timeout: 141 milliseconds
Build info: version: '2.53.1', revision: 'a36b8b1cd5757287168e54b817830adce9b0158d', time: '2016-06-30 19:26:09'
System info: host: 'DESKTOP-B0A316T', ip: '192.168.1.153', os.name: 'Windows 10', os.arch: 'amd64', os.version: '10.0', java.version: '1.8.0_201'
Driver info: org.openqa.selenium.chrome.ChromeDriver
Capabilities [{mobileEmulationEnabled=false, hasTouchScreen=false, platform=XP, acceptSslCerts=false, goog:chromeOptions={debuggerAddress=localhost:51405}, acceptInsecureCerts=false, webStorageEnabled=true, browserName=chrome, takesScreenshot=true, javascriptEnabled=true, setWindowRect=true, unexpectedAlertBehaviour=, applicationCacheEnabled=false, rotatable=false, networkConnectionEnabled=false, chrome={chromedriverVersion=2.43.600210 (68dcf5eebde37173d4027fa8635e332711d2874a), userDataDir=C:\Users\Sakshi\AppData\Local\Temp\scoped_dir10328_5157}, takesHeapSnapshot=true, pageLoadStrategy=normal, databaseEnabled=false, handlesAlerts=true, version=75.0.3770.100, browserConnectionEnabled=false, nativeEvents=true, locationContextEnabled=true, cssSelectorsEnabled=true}]
Session ID: a39642b816bb96c7d48db53daaf2e683
at sun.reflect.NativeConstructorAccessorImpl.newInstance0(Native Method)
at sun.reflect.NativeConstructorAccessorImpl.newInstance(Unknown Source)
at sun.reflect.DelegatingConstructorAccessorImpl.newInstance(Unknown Source)
at java.lang.reflect.Constructor.newInstance(Unknown Source)
at org.openqa.selenium.remote.ErrorHandler.createThrowable(ErrorHandler.java:206)
at org.openqa.selenium.remote.ErrorHandler.throwIfResponseFailed(ErrorHandler.java:158)
at org.openqa.selenium.remote.RemoteWebDriver.execute(RemoteWebDriver.java:678)
at org.openqa.selenium.remote.RemoteWebElement.execute(RemoteWebElement.java:327)
at org.openqa.selenium.remote.RemoteWebElement.click(RemoteWebElement.java:85)
at sun.reflect.GeneratedMethodAccessor8.invoke(Unknown Source)
at sun.reflect.DelegatingMethodAccessorImpl.invoke(Unknown Source)
at java.lang.reflect.Method.invoke(Unknown Source)
at org.openqa.selenium.support.pagefactory.internal.LocatingElementHandler.invoke(LocatingElementHandler.java:51)
at com.sun.proxy.$Proxy7.click(Unknown Source)
at com.mobiotics.HITSAdmin.MessageListMessage.MessageListMessagesPage.createAlertMsg(MessageListMessagesPage.java:125)
at com.mobiotics.HITSAdmin.MessageListMessage.MessageListMessagesPage.testListMessage(MessageListMessagesPage.java:196)
at com.mobiotics.HITSAdmin.tstCases.TC_MessageListMessage_30.testListMessageMethod(TC_MessageListMessage_30.java:16)
at sun.reflect.NativeMethodAccessorImpl.invoke0(Native Method)
at sun.reflect.NativeMethodAccessorImpl.invoke(Unknown Source)
at sun.reflect.DelegatingMethodAccessorImpl.invoke(Unknown Source)
at java.lang.reflect.Method.invoke(Unknown Source)
at org.testng.internal.MethodInvocationHelper.invokeMethod(MethodInvocationHelper.java:124)
at org.testng.internal.Invoker.invokeMethod(Invoker.java:583)
at org.testng.internal.Invoker.invokeTestMethod(Invoker.java:719)
at org.testng.internal.Invoker.invokeTestMethods(Invoker.java:989)
at org.testng.internal.TestMethodWorker.invokeTestMethods(TestMethodWorker.java:125)
at org.testng.internal.TestMethodWorker.run(TestMethodWorker.java:109)
at org.testng.TestRunner.privateRun(TestRunner.java:648)
at org.testng.TestRunner.run(TestRunner.java:505)
at org.testng.SuiteRunner.runTest(SuiteRunner.java:455)
at org.testng.SuiteRunner.runSequentially(SuiteRunner.java:450)
at org.testng.SuiteRunner.privateRun(SuiteRunner.java:415)
at org.testng.SuiteRunner.run(SuiteRunner.java:364)
at org.testng.SuiteRunnerWorker.runSuite(SuiteRunnerWorker.java:52)
at org.testng.SuiteRunnerWorker.run(SuiteRunnerWorker.java:84)
at org.testng.TestNG.runSuitesSequentially(TestNG.java:1208)
at org.testng.TestNG.runSuitesLocally(TestNG.java:1137)
at org.testng.TestNG.runSuites(TestNG.java:1049)
at org.testng.TestNG.run(TestNG.java:1017)
at org.testng.remote.AbstractRemoteTestNG.run(AbstractRemoteTestNG.java:115)
at org.testng.remote.RemoteTestNG.initAndRun(RemoteTestNG.java:251)
at org.testng.remote.RemoteTestNG.main(RemoteTestNG.java:77)
]]>
            </full-stacktrace>
          </exception> <!-- org.openqa.selenium.WebDriverException -->
          <reporter-output>
          </reporter-output>
        </test-method> <!-- testListMessageMethod -->
      </class> <!-- com.mobiotics.HITSAdmin.tstCases.TC_MessageListMessage_30 -->
      <class name="com.mobiotics.HITSAdmin.tstCases.TC_Bulk_Hardware_SendOSD_11">
        <test-method status="PASS" signature="testBulkHardwareSendOSDMethod()[pri:0, instance:com.mobiotics.HITSAdmin.tstCases.TC_Bulk_Hardware_SendOSD_11@50de0926]" name="testBulkHardwareSendOSDMethod" duration-ms="10830" started-at="2019-07-01T16:47:15Z" finished-at="2019-07-01T16:47:26Z">
          <reporter-output>
          </reporter-output>
        </test-method> <!-- testBulkHardwareSendOSDMethod -->
      </class> <!-- com.mobiotics.HITSAdmin.tstCases.TC_Bulk_Hardware_SendOSD_11 -->
      <class name="com.mobiotics.HITSAdmin.tstCases.TC_Bulk_Adjustment_Credit_17">
        <test-method status="PASS" signature="bulkAdjustmentCreditMethod()[pri:0, instance:com.mobiotics.HITSAdmin.tstCases.TC_Bulk_Adjustment_Credit_17@71d15f18]" name="bulkAdjustmentCreditMethod" duration-ms="9318" started-at="2019-07-01T16:48:19Z" finished-at="2019-07-01T16:48:28Z">
          <reporter-output>
          </reporter-output>
        </test-method> <!-- bulkAdjustmentCreditMethod -->
      </class> <!-- com.mobiotics.HITSAdmin.tstCases.TC_Bulk_Adjustment_Credit_17 -->
      <class name="com.mobiotics.HITSAdmin.tstCases.TC_Bulk_Hardware_Retrack_06">
        <test-method status="PASS" signature="testBulkHardwareRetrackMethod()[pri:0, instance:com.mobiotics.HITSAdmin.tstCases.TC_Bulk_Hardware_Retrack_06@51b279c9]" name="testBulkHardwareRetrackMethod" duration-ms="9517" started-at="2019-07-01T16:46:29Z" finished-at="2019-07-01T16:46:39Z">
          <reporter-output>
          </reporter-output>
        </test-method> <!-- testBulkHardwareRetrackMethod -->
      </class> <!-- com.mobiotics.HITSAdmin.tstCases.TC_Bulk_Hardware_Retrack_06 -->
      <class name="com.mobiotics.HITSAdmin.tstCases.TC_Report_Finance_GSTReport_27">
        <test-method status="PASS" signature="reportFinanceGSTReportTestMethod()[pri:0, instance:com.mobiotics.HITSAdmin.tstCases.TC_Report_Finance_GSTReport_27@3bd94634]" name="reportFinanceGSTReportTestMethod" duration-ms="39242" started-at="2019-07-01T16:54:36Z" finished-at="2019-07-01T16:55:15Z">
          <reporter-output>
          </reporter-output>
        </test-method> <!-- reportFinanceGSTReportTestMethod -->
      </class> <!-- com.mobiotics.HITSAdmin.tstCases.TC_Report_Finance_GSTReport_27 -->
      <class name="com.mobiotics.HITSAdmin.tstCases.TC_Report_Core_JobReport_24">
        <test-method status="PASS" signature="reportCoreJobReportTestMethod()[pri:0, instance:com.mobiotics.HITSAdmin.tstCases.TC_Report_Core_JobReport_24@530612ba]" name="reportCoreJobReportTestMethod" duration-ms="38272" started-at="2019-07-01T16:52:03Z" finished-at="2019-07-01T16:52:41Z">
          <reporter-output>
          </reporter-output>
        </test-method> <!-- reportCoreJobReportTestMethod -->
      </class> <!-- com.mobiotics.HITSAdmin.tstCases.TC_Report_Core_JobReport_24 -->
      <class name="com.mobiotics.HITSAdmin.tstCases.TC_OperatorsLCO_01">
        <test-method status="PASS" signature="initApplication()[pri:0, instance:com.mobiotics.HITSAdmin.tstCases.TC_OperatorsLCO_01@1e4a7dd4]" name="initApplication" is-config="true" duration-ms="21763" started-at="2019-07-01T16:43:55Z" finished-at="2019-07-01T16:44:17Z">
          <reporter-output>
          </reporter-output>
        </test-method> <!-- initApplication -->
        <test-method status="PASS" signature="testOperatorsLCOMethod()[pri:0, instance:com.mobiotics.HITSAdmin.tstCases.TC_OperatorsLCO_01@1e4a7dd4]" name="testOperatorsLCOMethod" duration-ms="42281" started-at="2019-07-01T16:44:17Z" finished-at="2019-07-01T16:44:59Z">
          <reporter-output>
          </reporter-output>
        </test-method> <!-- testOperatorsLCOMethod -->
        <test-method status="FAIL" signature="shutDown()[pri:0, instance:com.mobiotics.HITSAdmin.tstCases.TC_OperatorsLCO_01@1e4a7dd4]" name="shutDown" is-config="true" duration-ms="187" started-at="2019-07-01T16:59:25Z" finished-at="2019-07-01T16:59:25Z">
          <exception class="org.openqa.selenium.WebDriverException">
            <message>
              <![CDATA[unknown error: Element <a href="#" onclick="adminlogout()">...</a> is not clickable at point (1293, 36). Other element would receive the click: <div class="modal fade modal-error in" id="info-modal" tabindex="-1" role="dialog" aria-labelledby="myModalLabel" aria-hidden="false" style="display: block;">...</div>
  (Session info: chrome=75.0.3770.100)
  (Driver info: chromedriver=2.43.600210 (68dcf5eebde37173d4027fa8635e332711d2874a),platform=Windows NT 10.0.10240 x86_64) (WARNING: The server did not provide any stacktrace information)
Command duration or timeout: 141 milliseconds
Build info: version: '2.53.1', revision: 'a36b8b1cd5757287168e54b817830adce9b0158d', time: '2016-06-30 19:26:09'
System info: host: 'DESKTOP-B0A316T', ip: '192.168.1.153', os.name: 'Windows 10', os.arch: 'amd64', os.version: '10.0', java.version: '1.8.0_201'
Driver info: org.openqa.selenium.chrome.ChromeDriver
Capabilities [{mobileEmulationEnabled=false, hasTouchScreen=false, platform=XP, acceptSslCerts=false, goog:chromeOptions={debuggerAddress=localhost:51405}, acceptInsecureCerts=false, webStorageEnabled=true, browserName=chrome, takesScreenshot=true, javascriptEnabled=true, setWindowRect=true, unexpectedAlertBehaviour=, applicationCacheEnabled=false, rotatable=false, networkConnectionEnabled=false, chrome={chromedriverVersion=2.43.600210 (68dcf5eebde37173d4027fa8635e332711d2874a), userDataDir=C:\Users\Sakshi\AppData\Local\Temp\scoped_dir10328_5157}, takesHeapSnapshot=true, pageLoadStrategy=normal, databaseEnabled=false, handlesAlerts=true, version=75.0.3770.100, browserConnectionEnabled=false, nativeEvents=true, locationContextEnabled=true, cssSelectorsEnabled=true}]
Session ID: a39642b816bb96c7d48db53daaf2e683]]>
            </message>
            <full-stacktrace>
              <![CDATA[org.openqa.selenium.WebDriverException: unknown error: Element <a href="#" onclick="adminlogout()">...</a> is not clickable at point (1293, 36). Other element would receive the click: <div class="modal fade modal-error in" id="info-modal" tabindex="-1" role="dialog" aria-labelledby="myModalLabel" aria-hidden="false" style="display: block;">...</div>
  (Session info: chrome=75.0.3770.100)
  (Driver info: chromedriver=2.43.600210 (68dcf5eebde37173d4027fa8635e332711d2874a),platform=Windows NT 10.0.10240 x86_64) (WARNING: The server did not provide any stacktrace information)
Command duration or timeout: 141 milliseconds
Build info: version: '2.53.1', revision: 'a36b8b1cd5757287168e54b817830adce9b0158d', time: '2016-06-30 19:26:09'
System info: host: 'DESKTOP-B0A316T', ip: '192.168.1.153', os.name: 'Windows 10', os.arch: 'amd64', os.version: '10.0', java.version: '1.8.0_201'
Driver info: org.openqa.selenium.chrome.ChromeDriver
Capabilities [{mobileEmulationEnabled=false, hasTouchScreen=false, platform=XP, acceptSslCerts=false, goog:chromeOptions={debuggerAddress=localhost:51405}, acceptInsecureCerts=false, webStorageEnabled=true, browserName=chrome, takesScreenshot=true, javascriptEnabled=true, setWindowRect=true, unexpectedAlertBehaviour=, applicationCacheEnabled=false, rotatable=false, networkConnectionEnabled=false, chrome={chromedriverVersion=2.43.600210 (68dcf5eebde37173d4027fa8635e332711d2874a), userDataDir=C:\Users\Sakshi\AppData\Local\Temp\scoped_dir10328_5157}, takesHeapSnapshot=true, pageLoadStrategy=normal, databaseEnabled=false, handlesAlerts=true, version=75.0.3770.100, browserConnectionEnabled=false, nativeEvents=true, locationContextEnabled=true, cssSelectorsEnabled=true}]
Session ID: a39642b816bb96c7d48db53daaf2e683
at sun.reflect.NativeConstructorAccessorImpl.newInstance0(Native Method)
at sun.reflect.NativeConstructorAccessorImpl.newInstance(Unknown Source)
at sun.reflect.DelegatingConstructorAccessorImpl.newInstance(Unknown Source)
at java.lang.reflect.Constructor.newInstance(Unknown Source)
at org.openqa.selenium.remote.ErrorHandler.createThrowable(ErrorHandler.java:206)
at org.openqa.selenium.remote.ErrorHandler.throwIfResponseFailed(ErrorHandler.java:158)
at org.openqa.selenium.remote.RemoteWebDriver.execute(RemoteWebDriver.java:678)
at org.openqa.selenium.remote.RemoteWebElement.execute(RemoteWebElement.java:327)
at org.openqa.selenium.remote.RemoteWebElement.click(RemoteWebElement.java:85)
at com.mobiotics.HITSAdmin.constants.BaseTest.shutDown(BaseTest.java:113)
at sun.reflect.NativeMethodAccessorImpl.invoke0(Native Method)
at sun.reflect.NativeMethodAccessorImpl.invoke(Unknown Source)
at sun.reflect.DelegatingMethodAccessorImpl.invoke(Unknown Source)
at java.lang.reflect.Method.invoke(Unknown Source)
at org.testng.internal.MethodInvocationHelper.invokeMethod(MethodInvocationHelper.java:124)
at org.testng.internal.MethodInvocationHelper.invokeMethodConsideringTimeout(MethodInvocationHelper.java:59)
at org.testng.internal.Invoker.invokeConfigurationMethod(Invoker.java:458)
at org.testng.internal.Invoker.invokeConfigurations(Invoker.java:222)
at org.testng.internal.Invoker.invokeConfigurations(Invoker.java:142)
at org.testng.TestRunner.afterRun(TestRunner.java:725)
at org.testng.TestRunner.run(TestRunner.java:509)
at org.testng.SuiteRunner.runTest(SuiteRunner.java:455)
at org.testng.SuiteRunner.runSequentially(SuiteRunner.java:450)
at org.testng.SuiteRunner.privateRun(SuiteRunner.java:415)
at org.testng.SuiteRunner.run(SuiteRunner.java:364)
at org.testng.SuiteRunnerWorker.runSuite(SuiteRunnerWorker.java:52)
at org.testng.SuiteRunnerWorker.run(SuiteRunnerWorker.java:84)
at org.testng.TestNG.runSuitesSequentially(TestNG.java:1208)
at org.testng.TestNG.runSuitesLocally(TestNG.java:1137)
at org.testng.TestNG.runSuites(TestNG.java:1049)
at org.testng.TestNG.run(TestNG.java:1017)
at org.testng.remote.AbstractRemoteTestNG.run(AbstractRemoteTestNG.java:115)
at org.testng.remote.RemoteTestNG.initAndRun(RemoteTestNG.java:251)
at org.testng.remote.RemoteTestNG.main(RemoteTestNG.java:77)
]]>
            </full-stacktrace>
          </exception> <!-- org.openqa.selenium.WebDriverException -->
          <reporter-output>
          </reporter-output>
        </test-method> <!-- shutDown -->
      </class> <!-- com.mobiotics.HITSAdmin.tstCases.TC_OperatorsLCO_01 -->
      <class name="com.mobiotics.HITSAdmin.tstCases.TC_Report_Finance_ListPayments_25">
        <test-method status="PASS" signature="reportFinanceListPaymentsTestMethod()[pri:0, instance:com.mobiotics.HITSAdmin.tstCases.TC_Report_Finance_ListPayments_25@2a40cd94]" name="reportFinanceListPaymentsTestMethod" duration-ms="67073" started-at="2019-07-01T16:52:41Z" finished-at="2019-07-01T16:53:48Z">
          <reporter-output>
          </reporter-output>
        </test-method> <!-- reportFinanceListPaymentsTestMethod -->
      </class> <!-- com.mobiotics.HITSAdmin.tstCases.TC_Report_Finance_ListPayments_25 -->
      <class name="com.mobiotics.HITSAdmin.tstCases.TC_OperatorsDPO_03">
        <test-method status="PASS" signature="testOperatorsDPOMethod()[pri:0, instance:com.mobiotics.HITSAdmin.tstCases.TC_OperatorsDPO_03@4b9e255]" name="testOperatorsDPOMethod" duration-ms="36647" started-at="2019-07-01T16:45:34Z" finished-at="2019-07-01T16:46:10Z">
          <reporter-output>
          </reporter-output>
        </test-method> <!-- testOperatorsDPOMethod -->
      </class> <!-- com.mobiotics.HITSAdmin.tstCases.TC_OperatorsDPO_03 -->
      <class name="com.mobiotics.HITSAdmin.tstCases.TC_Bulk_Hardware_Reconnect_07">
        <test-method status="PASS" signature="testBulkHardwareRconnectMethod()[pri:0, instance:com.mobiotics.HITSAdmin.tstCases.TC_Bulk_Hardware_Reconnect_07@1ad282e0]" name="testBulkHardwareRconnectMethod" duration-ms="8932" started-at="2019-07-01T16:46:39Z" finished-at="2019-07-01T16:46:48Z">
          <reporter-output>
          </reporter-output>
        </test-method> <!-- testBulkHardwareRconnectMethod -->
      </class> <!-- com.mobiotics.HITSAdmin.tstCases.TC_Bulk_Hardware_Reconnect_07 -->
      <class name="com.mobiotics.HITSAdmin.tstCases.TC_Bulk_Product_Remove_13">
        <test-method status="PASS" signature="bulkProductRemovetestMethod()[pri:0, instance:com.mobiotics.HITSAdmin.tstCases.TC_Bulk_Product_Remove_13@60438a68]" name="bulkProductRemovetestMethod" duration-ms="8196" started-at="2019-07-01T16:47:35Z" finished-at="2019-07-01T16:47:44Z">
          <reporter-output>
          </reporter-output>
        </test-method> <!-- bulkProductRemovetestMethod -->
      </class> <!-- com.mobiotics.HITSAdmin.tstCases.TC_Bulk_Product_Remove_13 -->
      <class name="com.mobiotics.HITSAdmin.tstCases.TC_Bulk_Hardware_HardwareReplacement_10">
        <test-method status="PASS" signature="testBulkHardwareRepacementMethod()[pri:0, instance:com.mobiotics.HITSAdmin.tstCases.TC_Bulk_Hardware_HardwareReplacement_10@5e955596]" name="testBulkHardwareRepacementMethod" duration-ms="8646" started-at="2019-07-01T16:47:06Z" finished-at="2019-07-01T16:47:15Z">
          <reporter-output>
          </reporter-output>
        </test-method> <!-- testBulkHardwareRepacementMethod -->
      </class> <!-- com.mobiotics.HITSAdmin.tstCases.TC_Bulk_Hardware_HardwareReplacement_10 -->
      <class name="com.mobiotics.HITSAdmin.tstCases.TC_MessageAddScroll_31">
        <test-method status="FAIL" signature="testAddScrollMethod()[pri:0, instance:com.mobiotics.HITSAdmin.tstCases.TC_MessageAddScroll_31@130f889]" name="testAddScrollMethod" duration-ms="313" started-at="2019-07-01T16:59:23Z" finished-at="2019-07-01T16:59:23Z">
          <exception class="org.openqa.selenium.WebDriverException">
            <message>
              <![CDATA[unknown error: Element <a class="dropdown-toggle" data-toggle="dropdown" role="button" href="">...</a> is not clickable at point (806, 36). Other element would receive the click: <div class="modal-header">...</div>
  (Session info: chrome=75.0.3770.100)
  (Driver info: chromedriver=2.43.600210 (68dcf5eebde37173d4027fa8635e332711d2874a),platform=Windows NT 10.0.10240 x86_64) (WARNING: The server did not provide any stacktrace information)
Command duration or timeout: 125 milliseconds
Build info: version: '2.53.1', revision: 'a36b8b1cd5757287168e54b817830adce9b0158d', time: '2016-06-30 19:26:09'
System info: host: 'DESKTOP-B0A316T', ip: '192.168.1.153', os.name: 'Windows 10', os.arch: 'amd64', os.version: '10.0', java.version: '1.8.0_201'
Driver info: org.openqa.selenium.chrome.ChromeDriver
Capabilities [{mobileEmulationEnabled=false, hasTouchScreen=false, platform=XP, acceptSslCerts=false, goog:chromeOptions={debuggerAddress=localhost:51405}, acceptInsecureCerts=false, webStorageEnabled=true, browserName=chrome, takesScreenshot=true, javascriptEnabled=true, setWindowRect=true, unexpectedAlertBehaviour=, applicationCacheEnabled=false, rotatable=false, networkConnectionEnabled=false, chrome={chromedriverVersion=2.43.600210 (68dcf5eebde37173d4027fa8635e332711d2874a), userDataDir=C:\Users\Sakshi\AppData\Local\Temp\scoped_dir10328_5157}, takesHeapSnapshot=true, pageLoadStrategy=normal, databaseEnabled=false, handlesAlerts=true, version=75.0.3770.100, browserConnectionEnabled=false, nativeEvents=true, locationContextEnabled=true, cssSelectorsEnabled=true}]
Session ID: a39642b816bb96c7d48db53daaf2e683]]>
            </message>
            <full-stacktrace>
              <![CDATA[org.openqa.selenium.WebDriverException: unknown error: Element <a class="dropdown-toggle" data-toggle="dropdown" role="button" href="">...</a> is not clickable at point (806, 36). Other element would receive the click: <div class="modal-header">...</div>
  (Session info: chrome=75.0.3770.100)
  (Driver info: chromedriver=2.43.600210 (68dcf5eebde37173d4027fa8635e332711d2874a),platform=Windows NT 10.0.10240 x86_64) (WARNING: The server did not provide any stacktrace information)
Command duration or timeout: 125 milliseconds
Build info: version: '2.53.1', revision: 'a36b8b1cd5757287168e54b817830adce9b0158d', time: '2016-06-30 19:26:09'
System info: host: 'DESKTOP-B0A316T', ip: '192.168.1.153', os.name: 'Windows 10', os.arch: 'amd64', os.version: '10.0', java.version: '1.8.0_201'
Driver info: org.openqa.selenium.chrome.ChromeDriver
Capabilities [{mobileEmulationEnabled=false, hasTouchScreen=false, platform=XP, acceptSslCerts=false, goog:chromeOptions={debuggerAddress=localhost:51405}, acceptInsecureCerts=false, webStorageEnabled=true, browserName=chrome, takesScreenshot=true, javascriptEnabled=true, setWindowRect=true, unexpectedAlertBehaviour=, applicationCacheEnabled=false, rotatable=false, networkConnectionEnabled=false, chrome={chromedriverVersion=2.43.600210 (68dcf5eebde37173d4027fa8635e332711d2874a), userDataDir=C:\Users\Sakshi\AppData\Local\Temp\scoped_dir10328_5157}, takesHeapSnapshot=true, pageLoadStrategy=normal, databaseEnabled=false, handlesAlerts=true, version=75.0.3770.100, browserConnectionEnabled=false, nativeEvents=true, locationContextEnabled=true, cssSelectorsEnabled=true}]
Session ID: a39642b816bb96c7d48db53daaf2e683
at sun.reflect.NativeConstructorAccessorImpl.newInstance0(Native Method)
at sun.reflect.NativeConstructorAccessorImpl.newInstance(Unknown Source)
at sun.reflect.DelegatingConstructorAccessorImpl.newInstance(Unknown Source)
at java.lang.reflect.Constructor.newInstance(Unknown Source)
at org.openqa.selenium.remote.ErrorHandler.createThrowable(ErrorHandler.java:206)
at org.openqa.selenium.remote.ErrorHandler.throwIfResponseFailed(ErrorHandler.java:158)
at org.openqa.selenium.remote.RemoteWebDriver.execute(RemoteWebDriver.java:678)
at org.openqa.selenium.remote.RemoteWebElement.execute(RemoteWebElement.java:327)
at org.openqa.selenium.remote.RemoteWebElement.click(RemoteWebElement.java:85)
at sun.reflect.GeneratedMethodAccessor8.invoke(Unknown Source)
at sun.reflect.DelegatingMethodAccessorImpl.invoke(Unknown Source)
at java.lang.reflect.Method.invoke(Unknown Source)
at org.openqa.selenium.support.pagefactory.internal.LocatingElementHandler.invoke(LocatingElementHandler.java:51)
at com.sun.proxy.$Proxy7.click(Unknown Source)
at com.mobiotics.HITSAdmin.commonpages.HomePage.navigateToAddScroll(HomePage.java:114)
at com.mobiotics.HITSAdmin.tstCases.TC_MessageAddScroll_31.testAddScrollMethod(TC_MessageAddScroll_31.java:14)
at sun.reflect.NativeMethodAccessorImpl.invoke0(Native Method)
at sun.reflect.NativeMethodAccessorImpl.invoke(Unknown Source)
at sun.reflect.DelegatingMethodAccessorImpl.invoke(Unknown Source)
at java.lang.reflect.Method.invoke(Unknown Source)
at org.testng.internal.MethodInvocationHelper.invokeMethod(MethodInvocationHelper.java:124)
at org.testng.internal.Invoker.invokeMethod(Invoker.java:583)
at org.testng.internal.Invoker.invokeTestMethod(Invoker.java:719)
at org.testng.internal.Invoker.invokeTestMethods(Invoker.java:989)
at org.testng.internal.TestMethodWorker.invokeTestMethods(TestMethodWorker.java:125)
at org.testng.internal.TestMethodWorker.run(TestMethodWorker.java:109)
at org.testng.TestRunner.privateRun(TestRunner.java:648)
at org.testng.TestRunner.run(TestRunner.java:505)
at org.testng.SuiteRunner.runTest(SuiteRunner.java:455)
at org.testng.SuiteRunner.runSequentially(SuiteRunner.java:450)
at org.testng.SuiteRunner.privateRun(SuiteRunner.java:415)
at org.testng.SuiteRunner.run(SuiteRunner.java:364)
at org.testng.SuiteRunnerWorker.runSuite(SuiteRunnerWorker.java:52)
at org.testng.SuiteRunnerWorker.run(SuiteRunnerWorker.java:84)
at org.testng.TestNG.runSuitesSequentially(TestNG.java:1208)
at org.testng.TestNG.runSuitesLocally(TestNG.java:1137)
at org.testng.TestNG.runSuites(TestNG.java:1049)
at org.testng.TestNG.run(TestNG.java:1017)
at org.testng.remote.AbstractRemoteTestNG.run(AbstractRemoteTestNG.java:115)
at org.testng.remote.RemoteTestNG.initAndRun(RemoteTestNG.java:251)
at org.testng.remote.RemoteTestNG.main(RemoteTestNG.java:77)
]]>
            </full-stacktrace>
          </exception> <!-- org.openqa.selenium.WebDriverException -->
          <reporter-output>
          </reporter-output>
        </test-method> <!-- testAddScrollMethod -->
      </class> <!-- com.mobiotics.HITSAdmin.tstCases.TC_MessageAddScroll_31 -->
      <class name="com.mobiotics.HITSAdmin.tstCases.TC_Bulk_Hardware_Disconnect_08">
        <test-method status="PASS" signature="testBulkHardwareDisconnectMethod()[pri:0, instance:com.mobiotics.HITSAdmin.tstCases.TC_Bulk_Hardware_Disconnect_08@7f416310]" name="testBulkHardwareDisconnectMethod" duration-ms="9746" started-at="2019-07-01T16:46:48Z" finished-at="2019-07-01T16:46:58Z">
          <reporter-output>
          </reporter-output>
        </test-method> <!-- testBulkHardwareDisconnectMethod -->
      </class> <!-- com.mobiotics.HITSAdmin.tstCases.TC_Bulk_Hardware_Disconnect_08 -->
      <class name="com.mobiotics.HITSAdmin.tstCases.TC_Report_RefundReport_29">
        <test-method status="PASS" signature="reportRefundReportTestMethod()[pri:0, instance:com.mobiotics.HITSAdmin.tstCases.TC_Report_RefundReport_29@74294adb]" name="reportRefundReportTestMethod" duration-ms="139051" started-at="2019-07-01T16:55:47Z" finished-at="2019-07-01T16:58:06Z">
          <reporter-output>
          </reporter-output>
        </test-method> <!-- reportRefundReportTestMethod -->
      </class> <!-- com.mobiotics.HITSAdmin.tstCases.TC_Report_RefundReport_29 -->
      <class name="com.mobiotics.HITSAdmin.tstCases.TC_Bulk_Hardware_CancelProduct_09">
        <test-method status="PASS" signature="testBulkHardwareCancelProductMethod()[pri:0, instance:com.mobiotics.HITSAdmin.tstCases.TC_Bulk_Hardware_CancelProduct_09@1cab0bfb]" name="testBulkHardwareCancelProductMethod" duration-ms="8809" started-at="2019-07-01T16:46:58Z" finished-at="2019-07-01T16:47:06Z">
          <reporter-output>
          </reporter-output>
        </test-method> <!-- testBulkHardwareCancelProductMethod -->
      </class> <!-- com.mobiotics.HITSAdmin.tstCases.TC_Bulk_Hardware_CancelProduct_09 -->
      <class name="com.mobiotics.HITSAdmin.tstCases.TC_Report_Core_ListConnections_21">
        <test-method status="PASS" signature="reportCoreListConnectionsTestMethod()[pri:0, instance:com.mobiotics.HITSAdmin.tstCases.TC_Report_Core_ListConnections_21@76b10754]" name="reportCoreListConnectionsTestMethod" duration-ms="16598" started-at="2019-07-01T16:50:00Z" finished-at="2019-07-01T16:50:16Z">
          <reporter-output>
          </reporter-output>
        </test-method> <!-- reportCoreListConnectionsTestMethod -->
      </class> <!-- com.mobiotics.HITSAdmin.tstCases.TC_Report_Core_ListConnections_21 -->
      <class name="com.mobiotics.HITSAdmin.tstCases.TC_SubuserAddSubuser_32">
        <test-method status="FAIL" signature="testAddSubuserMethod()[pri:0, instance:com.mobiotics.HITSAdmin.tstCases.TC_SubuserAddSubuser_32@2f490758]" name="testAddSubuserMethod" duration-ms="329" started-at="2019-07-01T16:59:24Z" finished-at="2019-07-01T16:59:24Z">
          <exception class="org.openqa.selenium.WebDriverException">
            <message>
              <![CDATA[unknown error: Element <a class="dropdown-toggle" data-toggle="dropdown" role="button" href="">...</a> is not clickable at point (1003, 36). Other element would receive the click: <div class="modal fade modal-error in" id="info-modal" tabindex="-1" role="dialog" aria-labelledby="myModalLabel" aria-hidden="false" style="display: block;">...</div>
  (Session info: chrome=75.0.3770.100)
  (Driver info: chromedriver=2.43.600210 (68dcf5eebde37173d4027fa8635e332711d2874a),platform=Windows NT 10.0.10240 x86_64) (WARNING: The server did not provide any stacktrace information)
Command duration or timeout: 125 milliseconds
Build info: version: '2.53.1', revision: 'a36b8b1cd5757287168e54b817830adce9b0158d', time: '2016-06-30 19:26:09'
System info: host: 'DESKTOP-B0A316T', ip: '192.168.1.153', os.name: 'Windows 10', os.arch: 'amd64', os.version: '10.0', java.version: '1.8.0_201'
Driver info: org.openqa.selenium.chrome.ChromeDriver
Capabilities [{mobileEmulationEnabled=false, hasTouchScreen=false, platform=XP, acceptSslCerts=false, goog:chromeOptions={debuggerAddress=localhost:51405}, acceptInsecureCerts=false, webStorageEnabled=true, browserName=chrome, takesScreenshot=true, javascriptEnabled=true, setWindowRect=true, unexpectedAlertBehaviour=, applicationCacheEnabled=false, rotatable=false, networkConnectionEnabled=false, chrome={chromedriverVersion=2.43.600210 (68dcf5eebde37173d4027fa8635e332711d2874a), userDataDir=C:\Users\Sakshi\AppData\Local\Temp\scoped_dir10328_5157}, takesHeapSnapshot=true, pageLoadStrategy=normal, databaseEnabled=false, handlesAlerts=true, version=75.0.3770.100, browserConnectionEnabled=false, nativeEvents=true, locationContextEnabled=true, cssSelectorsEnabled=true}]
Session ID: a39642b816bb96c7d48db53daaf2e683]]>
            </message>
            <full-stacktrace>
              <![CDATA[org.openqa.selenium.WebDriverException: unknown error: Element <a class="dropdown-toggle" data-toggle="dropdown" role="button" href="">...</a> is not clickable at point (1003, 36). Other element would receive the click: <div class="modal fade modal-error in" id="info-modal" tabindex="-1" role="dialog" aria-labelledby="myModalLabel" aria-hidden="false" style="display: block;">...</div>
  (Session info: chrome=75.0.3770.100)
  (Driver info: chromedriver=2.43.600210 (68dcf5eebde37173d4027fa8635e332711d2874a),platform=Windows NT 10.0.10240 x86_64) (WARNING: The server did not provide any stacktrace information)
Command duration or timeout: 125 milliseconds
Build info: version: '2.53.1', revision: 'a36b8b1cd5757287168e54b817830adce9b0158d', time: '2016-06-30 19:26:09'
System info: host: 'DESKTOP-B0A316T', ip: '192.168.1.153', os.name: 'Windows 10', os.arch: 'amd64', os.version: '10.0', java.version: '1.8.0_201'
Driver info: org.openqa.selenium.chrome.ChromeDriver
Capabilities [{mobileEmulationEnabled=false, hasTouchScreen=false, platform=XP, acceptSslCerts=false, goog:chromeOptions={debuggerAddress=localhost:51405}, acceptInsecureCerts=false, webStorageEnabled=true, browserName=chrome, takesScreenshot=true, javascriptEnabled=true, setWindowRect=true, unexpectedAlertBehaviour=, applicationCacheEnabled=false, rotatable=false, networkConnectionEnabled=false, chrome={chromedriverVersion=2.43.600210 (68dcf5eebde37173d4027fa8635e332711d2874a), userDataDir=C:\Users\Sakshi\AppData\Local\Temp\scoped_dir10328_5157}, takesHeapSnapshot=true, pageLoadStrategy=normal, databaseEnabled=false, handlesAlerts=true, version=75.0.3770.100, browserConnectionEnabled=false, nativeEvents=true, locationContextEnabled=true, cssSelectorsEnabled=true}]
Session ID: a39642b816bb96c7d48db53daaf2e683
at sun.reflect.NativeConstructorAccessorImpl.newInstance0(Native Method)
at sun.reflect.NativeConstructorAccessorImpl.newInstance(Unknown Source)
at sun.reflect.DelegatingConstructorAccessorImpl.newInstance(Unknown Source)
at java.lang.reflect.Constructor.newInstance(Unknown Source)
at org.openqa.selenium.remote.ErrorHandler.createThrowable(ErrorHandler.java:206)
at org.openqa.selenium.remote.ErrorHandler.throwIfResponseFailed(ErrorHandler.java:158)
at org.openqa.selenium.remote.RemoteWebDriver.execute(RemoteWebDriver.java:678)
at org.openqa.selenium.remote.RemoteWebElement.execute(RemoteWebElement.java:327)
at org.openqa.selenium.remote.RemoteWebElement.click(RemoteWebElement.java:85)
at sun.reflect.GeneratedMethodAccessor8.invoke(Unknown Source)
at sun.reflect.DelegatingMethodAccessorImpl.invoke(Unknown Source)
at java.lang.reflect.Method.invoke(Unknown Source)
at org.openqa.selenium.support.pagefactory.internal.LocatingElementHandler.invoke(LocatingElementHandler.java:51)
at com.sun.proxy.$Proxy7.click(Unknown Source)
at com.mobiotics.HITSAdmin.commonpages.HomePage.navigateToAddSubuserPage(HomePage.java:132)
at com.mobiotics.HITSAdmin.tstCases.TC_SubuserAddSubuser_32.testAddSubuserMethod(TC_SubuserAddSubuser_32.java:14)
at sun.reflect.NativeMethodAccessorImpl.invoke0(Native Method)
at sun.reflect.NativeMethodAccessorImpl.invoke(Unknown Source)
at sun.reflect.DelegatingMethodAccessorImpl.invoke(Unknown Source)
at java.lang.reflect.Method.invoke(Unknown Source)
at org.testng.internal.MethodInvocationHelper.invokeMethod(MethodInvocationHelper.java:124)
at org.testng.internal.Invoker.invokeMethod(Invoker.java:583)
at org.testng.internal.Invoker.invokeTestMethod(Invoker.java:719)
at org.testng.internal.Invoker.invokeTestMethods(Invoker.java:989)
at org.testng.internal.TestMethodWorker.invokeTestMethods(TestMethodWorker.java:125)
at org.testng.internal.TestMethodWorker.run(TestMethodWorker.java:109)
at org.testng.TestRunner.privateRun(TestRunner.java:648)
at org.testng.TestRunner.run(TestRunner.java:505)
at org.testng.SuiteRunner.runTest(SuiteRunner.java:455)
at org.testng.SuiteRunner.runSequentially(SuiteRunner.java:450)
at org.testng.SuiteRunner.privateRun(SuiteRunner.java:415)
at org.testng.SuiteRunner.run(SuiteRunner.java:364)
at org.testng.SuiteRunnerWorker.runSuite(SuiteRunnerWorker.java:52)
at org.testng.SuiteRunnerWorker.run(SuiteRunnerWorker.java:84)
at org.testng.TestNG.runSuitesSequentially(TestNG.java:1208)
at org.testng.TestNG.runSuitesLocally(TestNG.java:1137)
at org.testng.TestNG.runSuites(TestNG.java:1049)
at org.testng.TestNG.run(TestNG.java:1017)
at org.testng.remote.AbstractRemoteTestNG.run(AbstractRemoteTestNG.java:115)
at org.testng.remote.RemoteTestNG.initAndRun(RemoteTestNG.java:251)
at org.testng.remote.RemoteTestNG.main(RemoteTestNG.java:77)
]]>
            </full-stacktrace>
          </exception> <!-- org.openqa.selenium.WebDriverException -->
          <reporter-output>
          </reporter-output>
        </test-method> <!-- testAddSubuserMethod -->
      </class> <!-- com.mobiotics.HITSAdmin.tstCases.TC_SubuserAddSubuser_32 -->
      <class name="com.mobiotics.HITSAdmin.tstCases.TC_Report_Finance_PayForBox_26">
        <test-method status="PASS" signature="reportFinancePayForBoxTestMethod()[pri:0, instance:com.mobiotics.HITSAdmin.tstCases.TC_Report_Finance_PayForBox_26@f4168b8]" name="reportFinancePayForBoxTestMethod" duration-ms="48296" started-at="2019-07-01T16:53:48Z" finished-at="2019-07-01T16:54:36Z">
          <reporter-output>
          </reporter-output>
        </test-method> <!-- reportFinancePayForBoxTestMethod -->
      </class> <!-- com.mobiotics.HITSAdmin.tstCases.TC_Report_Finance_PayForBox_26 -->
      <class name="com.mobiotics.HITSAdmin.tstCases.TC_Bulk_Finance_FinancialAccounts_16">
        <test-method status="PASS" signature="bulkFinanceFinancialAccountsTestMethod()[pri:0, instance:com.mobiotics.HITSAdmin.tstCases.TC_Bulk_Finance_FinancialAccounts_16@dbd940d]" name="bulkFinanceFinancialAccountsTestMethod" duration-ms="10641" started-at="2019-07-01T16:48:08Z" finished-at="2019-07-01T16:48:19Z">
          <reporter-output>
          </reporter-output>
        </test-method> <!-- bulkFinanceFinancialAccountsTestMethod -->
      </class> <!-- com.mobiotics.HITSAdmin.tstCases.TC_Bulk_Finance_FinancialAccounts_16 -->
      <class name="com.mobiotics.HITSAdmin.tstCases.TC_Bulk_Customer_ChangeTypeAndClass_14">
        <test-method status="PASS" signature="bulkCustomerChangeTypeAndClassMethod()[pri:0, instance:com.mobiotics.HITSAdmin.tstCases.TC_Bulk_Customer_ChangeTypeAndClass_14@140e5a13]" name="bulkCustomerChangeTypeAndClassMethod" duration-ms="15019" started-at="2019-07-01T16:47:44Z" finished-at="2019-07-01T16:47:59Z">
          <reporter-output>
          </reporter-output>
        </test-method> <!-- bulkCustomerChangeTypeAndClassMethod -->
      </class> <!-- com.mobiotics.HITSAdmin.tstCases.TC_Bulk_Customer_ChangeTypeAndClass_14 -->
      <class name="com.mobiotics.HITSAdmin.tstCases.TC_Bullk_Adjustment_Debit_18">
        <test-method status="PASS" signature="bulkAdjustmentDebitMethod()[pri:0, instance:com.mobiotics.HITSAdmin.tstCases.TC_Bullk_Adjustment_Debit_18@17695df3]" name="bulkAdjustmentDebitMethod" duration-ms="8411" started-at="2019-07-01T16:48:28Z" finished-at="2019-07-01T16:48:36Z">
          <reporter-output>
          </reporter-output>
        </test-method> <!-- bulkAdjustmentDebitMethod -->
      </class> <!-- com.mobiotics.HITSAdmin.tstCases.TC_Bullk_Adjustment_Debit_18 -->
    </test> <!-- Test -->
  </suite> <!-- Suite -->
</testng-results>
